The system is: Linux - 5.15.0-138-generic - x86_64
Compiling the C compiler identification source file "CMakeCCompilerId.c" succeeded.
Compiler: /usr/bin/cc 
Build flags: 
Id flags:  

The output was:
0


Compilation of the C compiler identification source "CMakeCCompilerId.c" produced "a.out"

The C compiler identification is GNU, found in "/home/soumoroy/Downloads/crowd_surfer-master/build/CMakeFiles/3.16.3/CompilerIdC/a.out"

Compiling the CXX compiler identification source file "CMakeCXXCompilerId.cpp" succeeded.
Compiler: /usr/bin/c++ 
Build flags: 
Id flags:  

The output was:
0


Compilation of the CXX compiler identification source "CMakeCXXCompilerId.cpp" produced "a.out"

The CXX compiler identification is GNU, found in "/home/soumoroy/Downloads/crowd_surfer-master/build/CMakeFiles/3.16.3/CompilerIdCXX/a.out"

Determining if the C compiler works passed with the following output:
Change Dir: /home/soumoroy/Downloads/crowd_surfer-master/build/CMakeFiles/CMakeTmp

Run Build Command(s):/usr/bin/make cmTC_16e20/fast && /usr/bin/make -f CMakeFiles/cmTC_16e20.dir/build.make CMakeFiles/cmTC_16e20.dir/build
make[1]: Entering directory '/home/soumoroy/Downloads/crowd_surfer-master/build/CMakeFiles/CMakeTmp'
Building C object CMakeFiles/cmTC_16e20.dir/testCCompiler.c.o
/usr/bin/cc    -o CMakeFiles/cmTC_16e20.dir/testCCompiler.c.o   -c /home/soumoroy/Downloads/crowd_surfer-master/build/CMakeFiles/CMakeTmp/testCCompiler.c
Linking C executable cmTC_16e20
/usr/bin/cmake -E cmake_link_script CMakeFiles/cmTC_16e20.dir/link.txt --verbose=1
/usr/bin/cc      -rdynamic CMakeFiles/cmTC_16e20.dir/testCCompiler.c.o  -o cmTC_16e20 
make[1]: Leaving directory '/home/soumoroy/Downloads/crowd_surfer-master/build/CMakeFiles/CMakeTmp'



Detecting C compiler ABI info compiled with the following output:
Change Dir: /home/soumoroy/Downloads/crowd_surfer-master/build/CMakeFiles/CMakeTmp

Run Build Command(s):/usr/bin/make cmTC_05b29/fast && /usr/bin/make -f CMakeFiles/cmTC_05b29.dir/build.make CMakeFiles/cmTC_05b29.dir/build
make[1]: Entering directory '/home/soumoroy/Downloads/crowd_surfer-master/build/CMakeFiles/CMakeTmp'
Building C object CMakeFiles/cmTC_05b29.dir/CMakeCCompilerABI.c.o
/usr/bin/cc   -v -o CMakeFiles/cmTC_05b29.dir/CMakeCCompilerABI.c.o   -c /usr/share/cmake-3.16/Modules/CMakeCCompilerABI.c
Using built-in specs.
COLLECT_GCC=/usr/bin/cc
OFFLOAD_TARGET_NAMES=nvptx-none:hsa
OFFLOAD_TARGET_DEFAULT=1
Target: x86_64-linux-gnu
Configured with: ../src/configure -v --with-pkgversion='Ubuntu 9.4.0-1ubuntu1~20.04.2' --with-bugurl=file:///usr/share/doc/gcc-9/README.Bugs --enable-languages=c,ada,c++,go,brig,d,fortran,objc,obj-c++,gm2 --prefix=/usr --with-gcc-major-version-only --program-suffix=-9 --program-prefix=x86_64-linux-gnu- --enable-shared --enable-linker-build-id --libexecdir=/usr/lib --without-included-gettext --enable-threads=posix --libdir=/usr/lib --enable-nls --enable-clocale=gnu --enable-libstdcxx-debug --enable-libstdcxx-time=yes --with-default-libstdcxx-abi=new --enable-gnu-unique-object --disable-vtable-verify --enable-plugin --enable-default-pie --with-system-zlib --with-target-system-zlib=auto --enable-objc-gc=auto --enable-multiarch --disable-werror --with-arch-32=i686 --with-abi=m64 --with-multilib-list=m32,m64,mx32 --enable-multilib --with-tune=generic --enable-offload-targets=nvptx-none=/build/gcc-9-9QDOt0/gcc-9-9.4.0/debian/tmp-nvptx/usr,hsa --without-cuda-driver --enable-checking=release --build=x86_64-linux-gnu --host=x86_64-linux-gnu --target=x86_64-linux-gnu
Thread model: posix
gcc version 9.4.0 (Ubuntu 9.4.0-1ubuntu1~20.04.2) 
COLLECT_GCC_OPTIONS='-v' '-o' 'CMakeFiles/cmTC_05b29.dir/CMakeCCompilerABI.c.o' '-c' '-mtune=generic' '-march=x86-64'
 /usr/lib/gcc/x86_64-linux-gnu/9/cc1 -quiet -v -imultiarch x86_64-linux-gnu /usr/share/cmake-3.16/Modules/CMakeCCompilerABI.c -quiet -dumpbase CMakeCCompilerABI.c -mtune=generic -march=x86-64 -auxbase-strip CMakeFiles/cmTC_05b29.dir/CMakeCCompilerABI.c.o -version -fasynchronous-unwind-tables -fstack-protector-strong -Wformat -Wformat-security -fstack-clash-protection -fcf-protection -o /tmp/ccWRuI46.s
GNU C17 (Ubuntu 9.4.0-1ubuntu1~20.04.2) version 9.4.0 (x86_64-linux-gnu)
	compiled by GNU C version 9.4.0, GMP version 6.2.0, MPFR version 4.0.2, MPC version 1.1.0, isl version isl-0.22.1-GMP

GGC heuristics: --param ggc-min-expand=100 --param ggc-min-heapsize=131072
ignoring nonexistent directory "/usr/local/include/x86_64-linux-gnu"
ignoring nonexistent directory "/usr/lib/gcc/x86_64-linux-gnu/9/include-fixed"
ignoring nonexistent directory "/usr/lib/gcc/x86_64-linux-gnu/9/../../../../x86_64-linux-gnu/include"
#include "..." search starts here:
#include <...> search starts here:
 /usr/lib/gcc/x86_64-linux-gnu/9/include
 /usr/local/include
 /usr/include/x86_64-linux-gnu
 /usr/include
End of search list.
GNU C17 (Ubuntu 9.4.0-1ubuntu1~20.04.2) version 9.4.0 (x86_64-linux-gnu)
	compiled by GNU C version 9.4.0, GMP version 6.2.0, MPFR version 4.0.2, MPC version 1.1.0, isl version isl-0.22.1-GMP

GGC heuristics: --param ggc-min-expand=100 --param ggc-min-heapsize=131072
Compiler executable checksum: 01da938ff5dc2163489aa33cb3b747a7
COLLECT_GCC_OPTIONS='-v' '-o' 'CMakeFiles/cmTC_05b29.dir/CMakeCCompilerABI.c.o' '-c' '-mtune=generic' '-march=x86-64'
 as -v --64 -o CMakeFiles/cmTC_05b29.dir/CMakeCCompilerABI.c.o /tmp/ccWRuI46.s
GNU assembler version 2.34 (x86_64-linux-gnu) using BFD version (GNU Binutils for Ubuntu) 2.34
COMPILER_PATH=/usr/lib/gcc/x86_64-linux-gnu/9/:/usr/lib/gcc/x86_64-linux-gnu/9/:/usr/lib/gcc/x86_64-linux-gnu/:/usr/lib/gcc/x86_64-linux-gnu/9/:/usr/lib/gcc/x86_64-linux-gnu/
LIBRARY_PATH=/usr/lib/gcc/x86_64-linux-gnu/9/:/usr/lib/gcc/x86_64-linux-gnu/9/../../../x86_64-linux-gnu/:/usr/lib/gcc/x86_64-linux-gnu/9/../../../../lib/:/lib/x86_64-linux-gnu/:/lib/../lib/:/usr/lib/x86_64-linux-gnu/:/usr/lib/../lib/:/usr/lib/gcc/x86_64-linux-gnu/9/../../../:/lib/:/usr/lib/
COLLECT_GCC_OPTIONS='-v' '-o' 'CMakeFiles/cmTC_05b29.dir/CMakeCCompilerABI.c.o' '-c' '-mtune=generic' '-march=x86-64'
Linking C executable cmTC_05b29
/usr/bin/cmake -E cmake_link_script CMakeFiles/cmTC_05b29.dir/link.txt --verbose=1
/usr/bin/cc     -v -rdynamic CMakeFiles/cmTC_05b29.dir/CMakeCCompilerABI.c.o  -o cmTC_05b29 
Using built-in specs.
COLLECT_GCC=/usr/bin/cc
COLLECT_LTO_WRAPPER=/usr/lib/gcc/x86_64-linux-gnu/9/lto-wrapper
OFFLOAD_TARGET_NAMES=nvptx-none:hsa
OFFLOAD_TARGET_DEFAULT=1
Target: x86_64-linux-gnu
Configured with: ../src/configure -v --with-pkgversion='Ubuntu 9.4.0-1ubuntu1~20.04.2' --with-bugurl=file:///usr/share/doc/gcc-9/README.Bugs --enable-languages=c,ada,c++,go,brig,d,fortran,objc,obj-c++,gm2 --prefix=/usr --with-gcc-major-version-only --program-suffix=-9 --program-prefix=x86_64-linux-gnu- --enable-shared --enable-linker-build-id --libexecdir=/usr/lib --without-included-gettext --enable-threads=posix --libdir=/usr/lib --enable-nls --enable-clocale=gnu --enable-libstdcxx-debug --enable-libstdcxx-time=yes --with-default-libstdcxx-abi=new --enable-gnu-unique-object --disable-vtable-verify --enable-plugin --enable-default-pie --with-system-zlib --with-target-system-zlib=auto --enable-objc-gc=auto --enable-multiarch --disable-werror --with-arch-32=i686 --with-abi=m64 --with-multilib-list=m32,m64,mx32 --enable-multilib --with-tune=generic --enable-offload-targets=nvptx-none=/build/gcc-9-9QDOt0/gcc-9-9.4.0/debian/tmp-nvptx/usr,hsa --without-cuda-driver --enable-checking=release --build=x86_64-linux-gnu --host=x86_64-linux-gnu --target=x86_64-linux-gnu
Thread model: posix
gcc version 9.4.0 (Ubuntu 9.4.0-1ubuntu1~20.04.2) 
COMPILER_PATH=/usr/lib/gcc/x86_64-linux-gnu/9/:/usr/lib/gcc/x86_64-linux-gnu/9/:/usr/lib/gcc/x86_64-linux-gnu/:/usr/lib/gcc/x86_64-linux-gnu/9/:/usr/lib/gcc/x86_64-linux-gnu/
LIBRARY_PATH=/usr/lib/gcc/x86_64-linux-gnu/9/:/usr/lib/gcc/x86_64-linux-gnu/9/../../../x86_64-linux-gnu/:/usr/lib/gcc/x86_64-linux-gnu/9/../../../../lib/:/lib/x86_64-linux-gnu/:/lib/../lib/:/usr/lib/x86_64-linux-gnu/:/usr/lib/../lib/:/usr/lib/gcc/x86_64-linux-gnu/9/../../../:/lib/:/usr/lib/
COLLECT_GCC_OPTIONS='-v' '-rdynamic' '-o' 'cmTC_05b29' '-mtune=generic' '-march=x86-64'
 /usr/lib/gcc/x86_64-linux-gnu/9/collect2 -plugin /usr/lib/gcc/x86_64-linux-gnu/9/liblto_plugin.so -plugin-opt=/usr/lib/gcc/x86_64-linux-gnu/9/lto-wrapper -plugin-opt=-fresolution=/tmp/ccm4tNNR.res -plugin-opt=-pass-through=-lgcc -plugin-opt=-pass-through=-lgcc_s -plugin-opt=-pass-through=-lc -plugin-opt=-pass-through=-lgcc -plugin-opt=-pass-through=-lgcc_s --build-id --eh-frame-hdr -m elf_x86_64 --hash-style=gnu --as-needed -export-dynamic -dynamic-linker /lib64/ld-linux-x86-64.so.2 -pie -z now -z relro -o cmTC_05b29 /usr/lib/gcc/x86_64-linux-gnu/9/../../../x86_64-linux-gnu/Scrt1.o /usr/lib/gcc/x86_64-linux-gnu/9/../../../x86_64-linux-gnu/crti.o /usr/lib/gcc/x86_64-linux-gnu/9/crtbeginS.o -L/usr/lib/gcc/x86_64-linux-gnu/9 -L/usr/lib/gcc/x86_64-linux-gnu/9/../../../x86_64-linux-gnu -L/usr/lib/gcc/x86_64-linux-gnu/9/../../../../lib -L/lib/x86_64-linux-gnu -L/lib/../lib -L/usr/lib/x86_64-linux-gnu -L/usr/lib/../lib -L/usr/lib/gcc/x86_64-linux-gnu/9/../../.. CMakeFiles/cmTC_05b29.dir/CMakeCCompilerABI.c.o -lgcc --push-state --as-needed -lgcc_s --pop-state -lc -lgcc --push-state --as-needed -lgcc_s --pop-state /usr/lib/gcc/x86_64-linux-gnu/9/crtendS.o /usr/lib/gcc/x86_64-linux-gnu/9/../../../x86_64-linux-gnu/crtn.o
COLLECT_GCC_OPTIONS='-v' '-rdynamic' '-o' 'cmTC_05b29' '-mtune=generic' '-march=x86-64'
make[1]: Leaving directory '/home/soumoroy/Downloads/crowd_surfer-master/build/CMakeFiles/CMakeTmp'



Parsed C implicit include dir info from above output: rv=done
  found start of include info
  found start of implicit include info
    add: [/usr/lib/gcc/x86_64-linux-gnu/9/include]
    add: [/usr/local/include]
    add: [/usr/include/x86_64-linux-gnu]
    add: [/usr/include]
  end of search list found
  collapse include dir [/usr/lib/gcc/x86_64-linux-gnu/9/include] ==> [/usr/lib/gcc/x86_64-linux-gnu/9/include]
  collapse include dir [/usr/local/include] ==> [/usr/local/include]
  collapse include dir [/usr/include/x86_64-linux-gnu] ==> [/usr/include/x86_64-linux-gnu]
  collapse include dir [/usr/include] ==> [/usr/include]
  implicit include dirs: [/usr/lib/gcc/x86_64-linux-gnu/9/include;/usr/local/include;/usr/include/x86_64-linux-gnu;/usr/include]


Parsed C implicit link information from above output:
  link line regex: [^( *|.*[/\])(ld|CMAKE_LINK_STARTFILE-NOTFOUND|([^/\]+-)?ld|collect2)[^/\]*( |$)]
  ignore line: [Change Dir: /home/soumoroy/Downloads/crowd_surfer-master/build/CMakeFiles/CMakeTmp]
  ignore line: []
  ignore line: [Run Build Command(s):/usr/bin/make cmTC_05b29/fast && /usr/bin/make -f CMakeFiles/cmTC_05b29.dir/build.make CMakeFiles/cmTC_05b29.dir/build]
  ignore line: [make[1]: Entering directory '/home/soumoroy/Downloads/crowd_surfer-master/build/CMakeFiles/CMakeTmp']
  ignore line: [Building C object CMakeFiles/cmTC_05b29.dir/CMakeCCompilerABI.c.o]
  ignore line: [/usr/bin/cc   -v -o CMakeFiles/cmTC_05b29.dir/CMakeCCompilerABI.c.o   -c /usr/share/cmake-3.16/Modules/CMakeCCompilerABI.c]
  ignore line: [Using built-in specs.]
  ignore line: [COLLECT_GCC=/usr/bin/cc]
  ignore line: [OFFLOAD_TARGET_NAMES=nvptx-none:hsa]
  ignore line: [OFFLOAD_TARGET_DEFAULT=1]
  ignore line: [Target: x86_64-linux-gnu]
  ignore line: [Configured with: ../src/configure -v --with-pkgversion='Ubuntu 9.4.0-1ubuntu1~20.04.2' --with-bugurl=file:///usr/share/doc/gcc-9/README.Bugs --enable-languages=c ada c++ go brig d fortran objc obj-c++ gm2 --prefix=/usr --with-gcc-major-version-only --program-suffix=-9 --program-prefix=x86_64-linux-gnu- --enable-shared --enable-linker-build-id --libexecdir=/usr/lib --without-included-gettext --enable-threads=posix --libdir=/usr/lib --enable-nls --enable-clocale=gnu --enable-libstdcxx-debug --enable-libstdcxx-time=yes --with-default-libstdcxx-abi=new --enable-gnu-unique-object --disable-vtable-verify --enable-plugin --enable-default-pie --with-system-zlib --with-target-system-zlib=auto --enable-objc-gc=auto --enable-multiarch --disable-werror --with-arch-32=i686 --with-abi=m64 --with-multilib-list=m32 m64 mx32 --enable-multilib --with-tune=generic --enable-offload-targets=nvptx-none=/build/gcc-9-9QDOt0/gcc-9-9.4.0/debian/tmp-nvptx/usr hsa --without-cuda-driver --enable-checking=release --build=x86_64-linux-gnu --host=x86_64-linux-gnu --target=x86_64-linux-gnu]
  ignore line: [Thread model: posix]
  ignore line: [gcc version 9.4.0 (Ubuntu 9.4.0-1ubuntu1~20.04.2) ]
  ignore line: [COLLECT_GCC_OPTIONS='-v' '-o' 'CMakeFiles/cmTC_05b29.dir/CMakeCCompilerABI.c.o' '-c' '-mtune=generic' '-march=x86-64']
  ignore line: [ /usr/lib/gcc/x86_64-linux-gnu/9/cc1 -quiet -v -imultiarch x86_64-linux-gnu /usr/share/cmake-3.16/Modules/CMakeCCompilerABI.c -quiet -dumpbase CMakeCCompilerABI.c -mtune=generic -march=x86-64 -auxbase-strip CMakeFiles/cmTC_05b29.dir/CMakeCCompilerABI.c.o -version -fasynchronous-unwind-tables -fstack-protector-strong -Wformat -Wformat-security -fstack-clash-protection -fcf-protection -o /tmp/ccWRuI46.s]
  ignore line: [GNU C17 (Ubuntu 9.4.0-1ubuntu1~20.04.2) version 9.4.0 (x86_64-linux-gnu)]
  ignore line: [	compiled by GNU C version 9.4.0  GMP version 6.2.0  MPFR version 4.0.2  MPC version 1.1.0  isl version isl-0.22.1-GMP]
  ignore line: []
  ignore line: [GGC heuristics: --param ggc-min-expand=100 --param ggc-min-heapsize=131072]
  ignore line: [ignoring nonexistent directory "/usr/local/include/x86_64-linux-gnu"]
  ignore line: [ignoring nonexistent directory "/usr/lib/gcc/x86_64-linux-gnu/9/include-fixed"]
  ignore line: [ignoring nonexistent directory "/usr/lib/gcc/x86_64-linux-gnu/9/../../../../x86_64-linux-gnu/include"]
  ignore line: [#include "..." search starts here:]
  ignore line: [#include <...> search starts here:]
  ignore line: [ /usr/lib/gcc/x86_64-linux-gnu/9/include]
  ignore line: [ /usr/local/include]
  ignore line: [ /usr/include/x86_64-linux-gnu]
  ignore line: [ /usr/include]
  ignore line: [End of search list.]
  ignore line: [GNU C17 (Ubuntu 9.4.0-1ubuntu1~20.04.2) version 9.4.0 (x86_64-linux-gnu)]
  ignore line: [	compiled by GNU C version 9.4.0  GMP version 6.2.0  MPFR version 4.0.2  MPC version 1.1.0  isl version isl-0.22.1-GMP]
  ignore line: []
  ignore line: [GGC heuristics: --param ggc-min-expand=100 --param ggc-min-heapsize=131072]
  ignore line: [Compiler executable checksum: 01da938ff5dc2163489aa33cb3b747a7]
  ignore line: [COLLECT_GCC_OPTIONS='-v' '-o' 'CMakeFiles/cmTC_05b29.dir/CMakeCCompilerABI.c.o' '-c' '-mtune=generic' '-march=x86-64']
  ignore line: [ as -v --64 -o CMakeFiles/cmTC_05b29.dir/CMakeCCompilerABI.c.o /tmp/ccWRuI46.s]
  ignore line: [GNU assembler version 2.34 (x86_64-linux-gnu) using BFD version (GNU Binutils for Ubuntu) 2.34]
  ignore line: [COMPILER_PATH=/usr/lib/gcc/x86_64-linux-gnu/9/:/usr/lib/gcc/x86_64-linux-gnu/9/:/usr/lib/gcc/x86_64-linux-gnu/:/usr/lib/gcc/x86_64-linux-gnu/9/:/usr/lib/gcc/x86_64-linux-gnu/]
  ignore line: [LIBRARY_PATH=/usr/lib/gcc/x86_64-linux-gnu/9/:/usr/lib/gcc/x86_64-linux-gnu/9/../../../x86_64-linux-gnu/:/usr/lib/gcc/x86_64-linux-gnu/9/../../../../lib/:/lib/x86_64-linux-gnu/:/lib/../lib/:/usr/lib/x86_64-linux-gnu/:/usr/lib/../lib/:/usr/lib/gcc/x86_64-linux-gnu/9/../../../:/lib/:/usr/lib/]
  ignore line: [COLLECT_GCC_OPTIONS='-v' '-o' 'CMakeFiles/cmTC_05b29.dir/CMakeCCompilerABI.c.o' '-c' '-mtune=generic' '-march=x86-64']
  ignore line: [Linking C executable cmTC_05b29]
  ignore line: [/usr/bin/cmake -E cmake_link_script CMakeFiles/cmTC_05b29.dir/link.txt --verbose=1]
  ignore line: [/usr/bin/cc     -v -rdynamic CMakeFiles/cmTC_05b29.dir/CMakeCCompilerABI.c.o  -o cmTC_05b29 ]
  ignore line: [Using built-in specs.]
  ignore line: [COLLECT_GCC=/usr/bin/cc]
  ignore line: [COLLECT_LTO_WRAPPER=/usr/lib/gcc/x86_64-linux-gnu/9/lto-wrapper]
  ignore line: [OFFLOAD_TARGET_NAMES=nvptx-none:hsa]
  ignore line: [OFFLOAD_TARGET_DEFAULT=1]
  ignore line: [Target: x86_64-linux-gnu]
  ignore line: [Configured with: ../src/configure -v --with-pkgversion='Ubuntu 9.4.0-1ubuntu1~20.04.2' --with-bugurl=file:///usr/share/doc/gcc-9/README.Bugs --enable-languages=c ada c++ go brig d fortran objc obj-c++ gm2 --prefix=/usr --with-gcc-major-version-only --program-suffix=-9 --program-prefix=x86_64-linux-gnu- --enable-shared --enable-linker-build-id --libexecdir=/usr/lib --without-included-gettext --enable-threads=posix --libdir=/usr/lib --enable-nls --enable-clocale=gnu --enable-libstdcxx-debug --enable-libstdcxx-time=yes --with-default-libstdcxx-abi=new --enable-gnu-unique-object --disable-vtable-verify --enable-plugin --enable-default-pie --with-system-zlib --with-target-system-zlib=auto --enable-objc-gc=auto --enable-multiarch --disable-werror --with-arch-32=i686 --with-abi=m64 --with-multilib-list=m32 m64 mx32 --enable-multilib --with-tune=generic --enable-offload-targets=nvptx-none=/build/gcc-9-9QDOt0/gcc-9-9.4.0/debian/tmp-nvptx/usr hsa --without-cuda-driver --enable-checking=release --build=x86_64-linux-gnu --host=x86_64-linux-gnu --target=x86_64-linux-gnu]
  ignore line: [Thread model: posix]
  ignore line: [gcc version 9.4.0 (Ubuntu 9.4.0-1ubuntu1~20.04.2) ]
  ignore line: [COMPILER_PATH=/usr/lib/gcc/x86_64-linux-gnu/9/:/usr/lib/gcc/x86_64-linux-gnu/9/:/usr/lib/gcc/x86_64-linux-gnu/:/usr/lib/gcc/x86_64-linux-gnu/9/:/usr/lib/gcc/x86_64-linux-gnu/]
  ignore line: [LIBRARY_PATH=/usr/lib/gcc/x86_64-linux-gnu/9/:/usr/lib/gcc/x86_64-linux-gnu/9/../../../x86_64-linux-gnu/:/usr/lib/gcc/x86_64-linux-gnu/9/../../../../lib/:/lib/x86_64-linux-gnu/:/lib/../lib/:/usr/lib/x86_64-linux-gnu/:/usr/lib/../lib/:/usr/lib/gcc/x86_64-linux-gnu/9/../../../:/lib/:/usr/lib/]
  ignore line: [COLLECT_GCC_OPTIONS='-v' '-rdynamic' '-o' 'cmTC_05b29' '-mtune=generic' '-march=x86-64']
  link line: [ /usr/lib/gcc/x86_64-linux-gnu/9/collect2 -plugin /usr/lib/gcc/x86_64-linux-gnu/9/liblto_plugin.so -plugin-opt=/usr/lib/gcc/x86_64-linux-gnu/9/lto-wrapper -plugin-opt=-fresolution=/tmp/ccm4tNNR.res -plugin-opt=-pass-through=-lgcc -plugin-opt=-pass-through=-lgcc_s -plugin-opt=-pass-through=-lc -plugin-opt=-pass-through=-lgcc -plugin-opt=-pass-through=-lgcc_s --build-id --eh-frame-hdr -m elf_x86_64 --hash-style=gnu --as-needed -export-dynamic -dynamic-linker /lib64/ld-linux-x86-64.so.2 -pie -z now -z relro -o cmTC_05b29 /usr/lib/gcc/x86_64-linux-gnu/9/../../../x86_64-linux-gnu/Scrt1.o /usr/lib/gcc/x86_64-linux-gnu/9/../../../x86_64-linux-gnu/crti.o /usr/lib/gcc/x86_64-linux-gnu/9/crtbeginS.o -L/usr/lib/gcc/x86_64-linux-gnu/9 -L/usr/lib/gcc/x86_64-linux-gnu/9/../../../x86_64-linux-gnu -L/usr/lib/gcc/x86_64-linux-gnu/9/../../../../lib -L/lib/x86_64-linux-gnu -L/lib/../lib -L/usr/lib/x86_64-linux-gnu -L/usr/lib/../lib -L/usr/lib/gcc/x86_64-linux-gnu/9/../../.. CMakeFiles/cmTC_05b29.dir/CMakeCCompilerABI.c.o -lgcc --push-state --as-needed -lgcc_s --pop-state -lc -lgcc --push-state --as-needed -lgcc_s --pop-state /usr/lib/gcc/x86_64-linux-gnu/9/crtendS.o /usr/lib/gcc/x86_64-linux-gnu/9/../../../x86_64-linux-gnu/crtn.o]
    arg [/usr/lib/gcc/x86_64-linux-gnu/9/collect2] ==> ignore
    arg [-plugin] ==> ignore
    arg [/usr/lib/gcc/x86_64-linux-gnu/9/liblto_plugin.so] ==> ignore
    arg [-plugin-opt=/usr/lib/gcc/x86_64-linux-gnu/9/lto-wrapper] ==> ignore
    arg [-plugin-opt=-fresolution=/tmp/ccm4tNNR.res] ==> ignore
    arg [-plugin-opt=-pass-through=-lgcc] ==> ignore
    arg [-plugin-opt=-pass-through=-lgcc_s] ==> ignore
    arg [-plugin-opt=-pass-through=-lc] ==> ignore
    arg [-plugin-opt=-pass-through=-lgcc] ==> ignore
    arg [-plugin-opt=-pass-through=-lgcc_s] ==> ignore
    arg [--build-id] ==> ignore
    arg [--eh-frame-hdr] ==> ignore
    arg [-m] ==> ignore
    arg [elf_x86_64] ==> ignore
    arg [--hash-style=gnu] ==> ignore
    arg [--as-needed] ==> ignore
    arg [-export-dynamic] ==> ignore
    arg [-dynamic-linker] ==> ignore
    arg [/lib64/ld-linux-x86-64.so.2] ==> ignore
    arg [-pie] ==> ignore
    arg [-znow] ==> ignore
    arg [-zrelro] ==> ignore
    arg [-o] ==> ignore
    arg [cmTC_05b29] ==> ignore
    arg [/usr/lib/gcc/x86_64-linux-gnu/9/../../../x86_64-linux-gnu/Scrt1.o] ==> ignore
    arg [/usr/lib/gcc/x86_64-linux-gnu/9/../../../x86_64-linux-gnu/crti.o] ==> ignore
    arg [/usr/lib/gcc/x86_64-linux-gnu/9/crtbeginS.o] ==> ignore
    arg [-L/usr/lib/gcc/x86_64-linux-gnu/9] ==> dir [/usr/lib/gcc/x86_64-linux-gnu/9]
    arg [-L/usr/lib/gcc/x86_64-linux-gnu/9/../../../x86_64-linux-gnu] ==> dir [/usr/lib/gcc/x86_64-linux-gnu/9/../../../x86_64-linux-gnu]
    arg [-L/usr/lib/gcc/x86_64-linux-gnu/9/../../../../lib] ==> dir [/usr/lib/gcc/x86_64-linux-gnu/9/../../../../lib]
    arg [-L/lib/x86_64-linux-gnu] ==> dir [/lib/x86_64-linux-gnu]
    arg [-L/lib/../lib] ==> dir [/lib/../lib]
    arg [-L/usr/lib/x86_64-linux-gnu] ==> dir [/usr/lib/x86_64-linux-gnu]
    arg [-L/usr/lib/../lib] ==> dir [/usr/lib/../lib]
    arg [-L/usr/lib/gcc/x86_64-linux-gnu/9/../../..] ==> dir [/usr/lib/gcc/x86_64-linux-gnu/9/../../..]
    arg [CMakeFiles/cmTC_05b29.dir/CMakeCCompilerABI.c.o] ==> ignore
    arg [-lgcc] ==> lib [gcc]
    arg [--push-state] ==> ignore
    arg [--as-needed] ==> ignore
    arg [-lgcc_s] ==> lib [gcc_s]
    arg [--pop-state] ==> ignore
    arg [-lc] ==> lib [c]
    arg [-lgcc] ==> lib [gcc]
    arg [--push-state] ==> ignore
    arg [--as-needed] ==> ignore
    arg [-lgcc_s] ==> lib [gcc_s]
    arg [--pop-state] ==> ignore
    arg [/usr/lib/gcc/x86_64-linux-gnu/9/crtendS.o] ==> ignore
    arg [/usr/lib/gcc/x86_64-linux-gnu/9/../../../x86_64-linux-gnu/crtn.o] ==> ignore
  collapse library dir [/usr/lib/gcc/x86_64-linux-gnu/9] ==> [/usr/lib/gcc/x86_64-linux-gnu/9]
  collapse library dir [/usr/lib/gcc/x86_64-linux-gnu/9/../../../x86_64-linux-gnu] ==> [/usr/lib/x86_64-linux-gnu]
  collapse library dir [/usr/lib/gcc/x86_64-linux-gnu/9/../../../../lib] ==> [/usr/lib]
  collapse library dir [/lib/x86_64-linux-gnu] ==> [/lib/x86_64-linux-gnu]
  collapse library dir [/lib/../lib] ==> [/lib]
  collapse library dir [/usr/lib/x86_64-linux-gnu] ==> [/usr/lib/x86_64-linux-gnu]
  collapse library dir [/usr/lib/../lib] ==> [/usr/lib]
  collapse library dir [/usr/lib/gcc/x86_64-linux-gnu/9/../../..] ==> [/usr/lib]
  implicit libs: [gcc;gcc_s;c;gcc;gcc_s]
  implicit dirs: [/usr/lib/gcc/x86_64-linux-gnu/9;/usr/lib/x86_64-linux-gnu;/usr/lib;/lib/x86_64-linux-gnu;/lib]
  implicit fwks: []


Determining if the CXX compiler works passed with the following output:
Change Dir: /home/soumoroy/Downloads/crowd_surfer-master/build/CMakeFiles/CMakeTmp

Run Build Command(s):/usr/bin/make cmTC_b74ca/fast && /usr/bin/make -f CMakeFiles/cmTC_b74ca.dir/build.make CMakeFiles/cmTC_b74ca.dir/build
make[1]: Entering directory '/home/soumoroy/Downloads/crowd_surfer-master/build/CMakeFiles/CMakeTmp'
Building CXX object CMakeFiles/cmTC_b74ca.dir/testCXXCompiler.cxx.o
/usr/bin/c++     -o CMakeFiles/cmTC_b74ca.dir/testCXXCompiler.cxx.o -c /home/soumoroy/Downloads/crowd_surfer-master/build/CMakeFiles/CMakeTmp/testCXXCompiler.cxx
Linking CXX executable cmTC_b74ca
/usr/bin/cmake -E cmake_link_script CMakeFiles/cmTC_b74ca.dir/link.txt --verbose=1
/usr/bin/c++       -rdynamic CMakeFiles/cmTC_b74ca.dir/testCXXCompiler.cxx.o  -o cmTC_b74ca 
make[1]: Leaving directory '/home/soumoroy/Downloads/crowd_surfer-master/build/CMakeFiles/CMakeTmp'



Detecting CXX compiler ABI info compiled with the following output:
Change Dir: /home/soumoroy/Downloads/crowd_surfer-master/build/CMakeFiles/CMakeTmp

Run Build Command(s):/usr/bin/make cmTC_291ea/fast && /usr/bin/make -f CMakeFiles/cmTC_291ea.dir/build.make CMakeFiles/cmTC_291ea.dir/build
make[1]: Entering directory '/home/soumoroy/Downloads/crowd_surfer-master/build/CMakeFiles/CMakeTmp'
Building CXX object CMakeFiles/cmTC_291ea.dir/CMakeCXXCompilerABI.cpp.o
/usr/bin/c++    -v -o CMakeFiles/cmTC_291ea.dir/CMakeCXXCompilerABI.cpp.o -c /usr/share/cmake-3.16/Modules/CMakeCXXCompilerABI.cpp
Using built-in specs.
COLLECT_GCC=/usr/bin/c++
OFFLOAD_TARGET_NAMES=nvptx-none:hsa
OFFLOAD_TARGET_DEFAULT=1
Target: x86_64-linux-gnu
Configured with: ../src/configure -v --with-pkgversion='Ubuntu 9.4.0-1ubuntu1~20.04.2' --with-bugurl=file:///usr/share/doc/gcc-9/README.Bugs --enable-languages=c,ada,c++,go,brig,d,fortran,objc,obj-c++,gm2 --prefix=/usr --with-gcc-major-version-only --program-suffix=-9 --program-prefix=x86_64-linux-gnu- --enable-shared --enable-linker-build-id --libexecdir=/usr/lib --without-included-gettext --enable-threads=posix --libdir=/usr/lib --enable-nls --enable-clocale=gnu --enable-libstdcxx-debug --enable-libstdcxx-time=yes --with-default-libstdcxx-abi=new --enable-gnu-unique-object --disable-vtable-verify --enable-plugin --enable-default-pie --with-system-zlib --with-target-system-zlib=auto --enable-objc-gc=auto --enable-multiarch --disable-werror --with-arch-32=i686 --with-abi=m64 --with-multilib-list=m32,m64,mx32 --enable-multilib --with-tune=generic --enable-offload-targets=nvptx-none=/build/gcc-9-9QDOt0/gcc-9-9.4.0/debian/tmp-nvptx/usr,hsa --without-cuda-driver --enable-checking=release --build=x86_64-linux-gnu --host=x86_64-linux-gnu --target=x86_64-linux-gnu
Thread model: posix
gcc version 9.4.0 (Ubuntu 9.4.0-1ubuntu1~20.04.2) 
COLLECT_GCC_OPTIONS='-v' '-o' 'CMakeFiles/cmTC_291ea.dir/CMakeCXXCompilerABI.cpp.o' '-c' '-shared-libgcc' '-mtune=generic' '-march=x86-64'
 /usr/lib/gcc/x86_64-linux-gnu/9/cc1plus -quiet -v -imultiarch x86_64-linux-gnu -D_GNU_SOURCE /usr/share/cmake-3.16/Modules/CMakeCXXCompilerABI.cpp -quiet -dumpbase CMakeCXXCompilerABI.cpp -mtune=generic -march=x86-64 -auxbase-strip CMakeFiles/cmTC_291ea.dir/CMakeCXXCompilerABI.cpp.o -version -fasynchronous-unwind-tables -fstack-protector-strong -Wformat -Wformat-security -fstack-clash-protection -fcf-protection -o /tmp/ccDR8Xkk.s
GNU C++14 (Ubuntu 9.4.0-1ubuntu1~20.04.2) version 9.4.0 (x86_64-linux-gnu)
	compiled by GNU C version 9.4.0, GMP version 6.2.0, MPFR version 4.0.2, MPC version 1.1.0, isl version isl-0.22.1-GMP

GGC heuristics: --param ggc-min-expand=100 --param ggc-min-heapsize=131072
ignoring duplicate directory "/usr/include/x86_64-linux-gnu/c++/9"
ignoring nonexistent directory "/usr/local/include/x86_64-linux-gnu"
ignoring nonexistent directory "/usr/lib/gcc/x86_64-linux-gnu/9/include-fixed"
ignoring nonexistent directory "/usr/lib/gcc/x86_64-linux-gnu/9/../../../../x86_64-linux-gnu/include"
#include "..." search starts here:
#include <...> search starts here:
 /usr/include/c++/9
 /usr/include/x86_64-linux-gnu/c++/9
 /usr/include/c++/9/backward
 /usr/lib/gcc/x86_64-linux-gnu/9/include
 /usr/local/include
 /usr/include/x86_64-linux-gnu
 /usr/include
End of search list.
GNU C++14 (Ubuntu 9.4.0-1ubuntu1~20.04.2) version 9.4.0 (x86_64-linux-gnu)
	compiled by GNU C version 9.4.0, GMP version 6.2.0, MPFR version 4.0.2, MPC version 1.1.0, isl version isl-0.22.1-GMP

GGC heuristics: --param ggc-min-expand=100 --param ggc-min-heapsize=131072
Compiler executable checksum: 3d1eba838554fa2348dba760e4770469
COLLECT_GCC_OPTIONS='-v' '-o' 'CMakeFiles/cmTC_291ea.dir/CMakeCXXCompilerABI.cpp.o' '-c' '-shared-libgcc' '-mtune=generic' '-march=x86-64'
 as -v --64 -o CMakeFiles/cmTC_291ea.dir/CMakeCXXCompilerABI.cpp.o /tmp/ccDR8Xkk.s
GNU assembler version 2.34 (x86_64-linux-gnu) using BFD version (GNU Binutils for Ubuntu) 2.34
COMPILER_PATH=/usr/lib/gcc/x86_64-linux-gnu/9/:/usr/lib/gcc/x86_64-linux-gnu/9/:/usr/lib/gcc/x86_64-linux-gnu/:/usr/lib/gcc/x86_64-linux-gnu/9/:/usr/lib/gcc/x86_64-linux-gnu/
LIBRARY_PATH=/usr/lib/gcc/x86_64-linux-gnu/9/:/usr/lib/gcc/x86_64-linux-gnu/9/../../../x86_64-linux-gnu/:/usr/lib/gcc/x86_64-linux-gnu/9/../../../../lib/:/lib/x86_64-linux-gnu/:/lib/../lib/:/usr/lib/x86_64-linux-gnu/:/usr/lib/../lib/:/usr/lib/gcc/x86_64-linux-gnu/9/../../../:/lib/:/usr/lib/
COLLECT_GCC_OPTIONS='-v' '-o' 'CMakeFiles/cmTC_291ea.dir/CMakeCXXCompilerABI.cpp.o' '-c' '-shared-libgcc' '-mtune=generic' '-march=x86-64'
Linking CXX executable cmTC_291ea
/usr/bin/cmake -E cmake_link_script CMakeFiles/cmTC_291ea.dir/link.txt --verbose=1
/usr/bin/c++      -v -rdynamic CMakeFiles/cmTC_291ea.dir/CMakeCXXCompilerABI.cpp.o  -o cmTC_291ea 
Using built-in specs.
COLLECT_GCC=/usr/bin/c++
COLLECT_LTO_WRAPPER=/usr/lib/gcc/x86_64-linux-gnu/9/lto-wrapper
OFFLOAD_TARGET_NAMES=nvptx-none:hsa
OFFLOAD_TARGET_DEFAULT=1
Target: x86_64-linux-gnu
Configured with: ../src/configure -v --with-pkgversion='Ubuntu 9.4.0-1ubuntu1~20.04.2' --with-bugurl=file:///usr/share/doc/gcc-9/README.Bugs --enable-languages=c,ada,c++,go,brig,d,fortran,objc,obj-c++,gm2 --prefix=/usr --with-gcc-major-version-only --program-suffix=-9 --program-prefix=x86_64-linux-gnu- --enable-shared --enable-linker-build-id --libexecdir=/usr/lib --without-included-gettext --enable-threads=posix --libdir=/usr/lib --enable-nls --enable-clocale=gnu --enable-libstdcxx-debug --enable-libstdcxx-time=yes --with-default-libstdcxx-abi=new --enable-gnu-unique-object --disable-vtable-verify --enable-plugin --enable-default-pie --with-system-zlib --with-target-system-zlib=auto --enable-objc-gc=auto --enable-multiarch --disable-werror --with-arch-32=i686 --with-abi=m64 --with-multilib-list=m32,m64,mx32 --enable-multilib --with-tune=generic --enable-offload-targets=nvptx-none=/build/gcc-9-9QDOt0/gcc-9-9.4.0/debian/tmp-nvptx/usr,hsa --without-cuda-driver --enable-checking=release --build=x86_64-linux-gnu --host=x86_64-linux-gnu --target=x86_64-linux-gnu
Thread model: posix
gcc version 9.4.0 (Ubuntu 9.4.0-1ubuntu1~20.04.2) 
COMPILER_PATH=/usr/lib/gcc/x86_64-linux-gnu/9/:/usr/lib/gcc/x86_64-linux-gnu/9/:/usr/lib/gcc/x86_64-linux-gnu/:/usr/lib/gcc/x86_64-linux-gnu/9/:/usr/lib/gcc/x86_64-linux-gnu/
LIBRARY_PATH=/usr/lib/gcc/x86_64-linux-gnu/9/:/usr/lib/gcc/x86_64-linux-gnu/9/../../../x86_64-linux-gnu/:/usr/lib/gcc/x86_64-linux-gnu/9/../../../../lib/:/lib/x86_64-linux-gnu/:/lib/../lib/:/usr/lib/x86_64-linux-gnu/:/usr/lib/../lib/:/usr/lib/gcc/x86_64-linux-gnu/9/../../../:/lib/:/usr/lib/
COLLECT_GCC_OPTIONS='-v' '-rdynamic' '-o' 'cmTC_291ea' '-shared-libgcc' '-mtune=generic' '-march=x86-64'
 /usr/lib/gcc/x86_64-linux-gnu/9/collect2 -plugin /usr/lib/gcc/x86_64-linux-gnu/9/liblto_plugin.so -plugin-opt=/usr/lib/gcc/x86_64-linux-gnu/9/lto-wrapper -plugin-opt=-fresolution=/tmp/ccCk1RTN.res -plugin-opt=-pass-through=-lgcc_s -plugin-opt=-pass-through=-lgcc -plugin-opt=-pass-through=-lc -plugin-opt=-pass-through=-lgcc_s -plugin-opt=-pass-through=-lgcc --build-id --eh-frame-hdr -m elf_x86_64 --hash-style=gnu --as-needed -export-dynamic -dynamic-linker /lib64/ld-linux-x86-64.so.2 -pie -z now -z relro -o cmTC_291ea /usr/lib/gcc/x86_64-linux-gnu/9/../../../x86_64-linux-gnu/Scrt1.o /usr/lib/gcc/x86_64-linux-gnu/9/../../../x86_64-linux-gnu/crti.o /usr/lib/gcc/x86_64-linux-gnu/9/crtbeginS.o -L/usr/lib/gcc/x86_64-linux-gnu/9 -L/usr/lib/gcc/x86_64-linux-gnu/9/../../../x86_64-linux-gnu -L/usr/lib/gcc/x86_64-linux-gnu/9/../../../../lib -L/lib/x86_64-linux-gnu -L/lib/../lib -L/usr/lib/x86_64-linux-gnu -L/usr/lib/../lib -L/usr/lib/gcc/x86_64-linux-gnu/9/../../.. CMakeFiles/cmTC_291ea.dir/CMakeCXXCompilerABI.cpp.o -lstdc++ -lm -lgcc_s -lgcc -lc -lgcc_s -lgcc /usr/lib/gcc/x86_64-linux-gnu/9/crtendS.o /usr/lib/gcc/x86_64-linux-gnu/9/../../../x86_64-linux-gnu/crtn.o
COLLECT_GCC_OPTIONS='-v' '-rdynamic' '-o' 'cmTC_291ea' '-shared-libgcc' '-mtune=generic' '-march=x86-64'
make[1]: Leaving directory '/home/soumoroy/Downloads/crowd_surfer-master/build/CMakeFiles/CMakeTmp'



Parsed CXX implicit include dir info from above output: rv=done
  found start of include info
  found start of implicit include info
    add: [/usr/include/c++/9]
    add: [/usr/include/x86_64-linux-gnu/c++/9]
    add: [/usr/include/c++/9/backward]
    add: [/usr/lib/gcc/x86_64-linux-gnu/9/include]
    add: [/usr/local/include]
    add: [/usr/include/x86_64-linux-gnu]
    add: [/usr/include]
  end of search list found
  collapse include dir [/usr/include/c++/9] ==> [/usr/include/c++/9]
  collapse include dir [/usr/include/x86_64-linux-gnu/c++/9] ==> [/usr/include/x86_64-linux-gnu/c++/9]
  collapse include dir [/usr/include/c++/9/backward] ==> [/usr/include/c++/9/backward]
  collapse include dir [/usr/lib/gcc/x86_64-linux-gnu/9/include] ==> [/usr/lib/gcc/x86_64-linux-gnu/9/include]
  collapse include dir [/usr/local/include] ==> [/usr/local/include]
  collapse include dir [/usr/include/x86_64-linux-gnu] ==> [/usr/include/x86_64-linux-gnu]
  collapse include dir [/usr/include] ==> [/usr/include]
  implicit include dirs: [/usr/include/c++/9;/usr/include/x86_64-linux-gnu/c++/9;/usr/include/c++/9/backward;/usr/lib/gcc/x86_64-linux-gnu/9/include;/usr/local/include;/usr/include/x86_64-linux-gnu;/usr/include]


Parsed CXX implicit link information from above output:
  link line regex: [^( *|.*[/\])(ld|CMAKE_LINK_STARTFILE-NOTFOUND|([^/\]+-)?ld|collect2)[^/\]*( |$)]
  ignore line: [Change Dir: /home/soumoroy/Downloads/crowd_surfer-master/build/CMakeFiles/CMakeTmp]
  ignore line: []
  ignore line: [Run Build Command(s):/usr/bin/make cmTC_291ea/fast && /usr/bin/make -f CMakeFiles/cmTC_291ea.dir/build.make CMakeFiles/cmTC_291ea.dir/build]
  ignore line: [make[1]: Entering directory '/home/soumoroy/Downloads/crowd_surfer-master/build/CMakeFiles/CMakeTmp']
  ignore line: [Building CXX object CMakeFiles/cmTC_291ea.dir/CMakeCXXCompilerABI.cpp.o]
  ignore line: [/usr/bin/c++    -v -o CMakeFiles/cmTC_291ea.dir/CMakeCXXCompilerABI.cpp.o -c /usr/share/cmake-3.16/Modules/CMakeCXXCompilerABI.cpp]
  ignore line: [Using built-in specs.]
  ignore line: [COLLECT_GCC=/usr/bin/c++]
  ignore line: [OFFLOAD_TARGET_NAMES=nvptx-none:hsa]
  ignore line: [OFFLOAD_TARGET_DEFAULT=1]
  ignore line: [Target: x86_64-linux-gnu]
  ignore line: [Configured with: ../src/configure -v --with-pkgversion='Ubuntu 9.4.0-1ubuntu1~20.04.2' --with-bugurl=file:///usr/share/doc/gcc-9/README.Bugs --enable-languages=c ada c++ go brig d fortran objc obj-c++ gm2 --prefix=/usr --with-gcc-major-version-only --program-suffix=-9 --program-prefix=x86_64-linux-gnu- --enable-shared --enable-linker-build-id --libexecdir=/usr/lib --without-included-gettext --enable-threads=posix --libdir=/usr/lib --enable-nls --enable-clocale=gnu --enable-libstdcxx-debug --enable-libstdcxx-time=yes --with-default-libstdcxx-abi=new --enable-gnu-unique-object --disable-vtable-verify --enable-plugin --enable-default-pie --with-system-zlib --with-target-system-zlib=auto --enable-objc-gc=auto --enable-multiarch --disable-werror --with-arch-32=i686 --with-abi=m64 --with-multilib-list=m32 m64 mx32 --enable-multilib --with-tune=generic --enable-offload-targets=nvptx-none=/build/gcc-9-9QDOt0/gcc-9-9.4.0/debian/tmp-nvptx/usr hsa --without-cuda-driver --enable-checking=release --build=x86_64-linux-gnu --host=x86_64-linux-gnu --target=x86_64-linux-gnu]
  ignore line: [Thread model: posix]
  ignore line: [gcc version 9.4.0 (Ubuntu 9.4.0-1ubuntu1~20.04.2) ]
  ignore line: [COLLECT_GCC_OPTIONS='-v' '-o' 'CMakeFiles/cmTC_291ea.dir/CMakeCXXCompilerABI.cpp.o' '-c' '-shared-libgcc' '-mtune=generic' '-march=x86-64']
  ignore line: [ /usr/lib/gcc/x86_64-linux-gnu/9/cc1plus -quiet -v -imultiarch x86_64-linux-gnu -D_GNU_SOURCE /usr/share/cmake-3.16/Modules/CMakeCXXCompilerABI.cpp -quiet -dumpbase CMakeCXXCompilerABI.cpp -mtune=generic -march=x86-64 -auxbase-strip CMakeFiles/cmTC_291ea.dir/CMakeCXXCompilerABI.cpp.o -version -fasynchronous-unwind-tables -fstack-protector-strong -Wformat -Wformat-security -fstack-clash-protection -fcf-protection -o /tmp/ccDR8Xkk.s]
  ignore line: [GNU C++14 (Ubuntu 9.4.0-1ubuntu1~20.04.2) version 9.4.0 (x86_64-linux-gnu)]
  ignore line: [	compiled by GNU C version 9.4.0  GMP version 6.2.0  MPFR version 4.0.2  MPC version 1.1.0  isl version isl-0.22.1-GMP]
  ignore line: []
  ignore line: [GGC heuristics: --param ggc-min-expand=100 --param ggc-min-heapsize=131072]
  ignore line: [ignoring duplicate directory "/usr/include/x86_64-linux-gnu/c++/9"]
  ignore line: [ignoring nonexistent directory "/usr/local/include/x86_64-linux-gnu"]
  ignore line: [ignoring nonexistent directory "/usr/lib/gcc/x86_64-linux-gnu/9/include-fixed"]
  ignore line: [ignoring nonexistent directory "/usr/lib/gcc/x86_64-linux-gnu/9/../../../../x86_64-linux-gnu/include"]
  ignore line: [#include "..." search starts here:]
  ignore line: [#include <...> search starts here:]
  ignore line: [ /usr/include/c++/9]
  ignore line: [ /usr/include/x86_64-linux-gnu/c++/9]
  ignore line: [ /usr/include/c++/9/backward]
  ignore line: [ /usr/lib/gcc/x86_64-linux-gnu/9/include]
  ignore line: [ /usr/local/include]
  ignore line: [ /usr/include/x86_64-linux-gnu]
  ignore line: [ /usr/include]
  ignore line: [End of search list.]
  ignore line: [GNU C++14 (Ubuntu 9.4.0-1ubuntu1~20.04.2) version 9.4.0 (x86_64-linux-gnu)]
  ignore line: [	compiled by GNU C version 9.4.0  GMP version 6.2.0  MPFR version 4.0.2  MPC version 1.1.0  isl version isl-0.22.1-GMP]
  ignore line: []
  ignore line: [GGC heuristics: --param ggc-min-expand=100 --param ggc-min-heapsize=131072]
  ignore line: [Compiler executable checksum: 3d1eba838554fa2348dba760e4770469]
  ignore line: [COLLECT_GCC_OPTIONS='-v' '-o' 'CMakeFiles/cmTC_291ea.dir/CMakeCXXCompilerABI.cpp.o' '-c' '-shared-libgcc' '-mtune=generic' '-march=x86-64']
  ignore line: [ as -v --64 -o CMakeFiles/cmTC_291ea.dir/CMakeCXXCompilerABI.cpp.o /tmp/ccDR8Xkk.s]
  ignore line: [GNU assembler version 2.34 (x86_64-linux-gnu) using BFD version (GNU Binutils for Ubuntu) 2.34]
  ignore line: [COMPILER_PATH=/usr/lib/gcc/x86_64-linux-gnu/9/:/usr/lib/gcc/x86_64-linux-gnu/9/:/usr/lib/gcc/x86_64-linux-gnu/:/usr/lib/gcc/x86_64-linux-gnu/9/:/usr/lib/gcc/x86_64-linux-gnu/]
  ignore line: [LIBRARY_PATH=/usr/lib/gcc/x86_64-linux-gnu/9/:/usr/lib/gcc/x86_64-linux-gnu/9/../../../x86_64-linux-gnu/:/usr/lib/gcc/x86_64-linux-gnu/9/../../../../lib/:/lib/x86_64-linux-gnu/:/lib/../lib/:/usr/lib/x86_64-linux-gnu/:/usr/lib/../lib/:/usr/lib/gcc/x86_64-linux-gnu/9/../../../:/lib/:/usr/lib/]
  ignore line: [COLLECT_GCC_OPTIONS='-v' '-o' 'CMakeFiles/cmTC_291ea.dir/CMakeCXXCompilerABI.cpp.o' '-c' '-shared-libgcc' '-mtune=generic' '-march=x86-64']
  ignore line: [Linking CXX executable cmTC_291ea]
  ignore line: [/usr/bin/cmake -E cmake_link_script CMakeFiles/cmTC_291ea.dir/link.txt --verbose=1]
  ignore line: [/usr/bin/c++      -v -rdynamic CMakeFiles/cmTC_291ea.dir/CMakeCXXCompilerABI.cpp.o  -o cmTC_291ea ]
  ignore line: [Using built-in specs.]
  ignore line: [COLLECT_GCC=/usr/bin/c++]
  ignore line: [COLLECT_LTO_WRAPPER=/usr/lib/gcc/x86_64-linux-gnu/9/lto-wrapper]
  ignore line: [OFFLOAD_TARGET_NAMES=nvptx-none:hsa]
  ignore line: [OFFLOAD_TARGET_DEFAULT=1]
  ignore line: [Target: x86_64-linux-gnu]
  ignore line: [Configured with: ../src/configure -v --with-pkgversion='Ubuntu 9.4.0-1ubuntu1~20.04.2' --with-bugurl=file:///usr/share/doc/gcc-9/README.Bugs --enable-languages=c ada c++ go brig d fortran objc obj-c++ gm2 --prefix=/usr --with-gcc-major-version-only --program-suffix=-9 --program-prefix=x86_64-linux-gnu- --enable-shared --enable-linker-build-id --libexecdir=/usr/lib --without-included-gettext --enable-threads=posix --libdir=/usr/lib --enable-nls --enable-clocale=gnu --enable-libstdcxx-debug --enable-libstdcxx-time=yes --with-default-libstdcxx-abi=new --enable-gnu-unique-object --disable-vtable-verify --enable-plugin --enable-default-pie --with-system-zlib --with-target-system-zlib=auto --enable-objc-gc=auto --enable-multiarch --disable-werror --with-arch-32=i686 --with-abi=m64 --with-multilib-list=m32 m64 mx32 --enable-multilib --with-tune=generic --enable-offload-targets=nvptx-none=/build/gcc-9-9QDOt0/gcc-9-9.4.0/debian/tmp-nvptx/usr hsa --without-cuda-driver --enable-checking=release --build=x86_64-linux-gnu --host=x86_64-linux-gnu --target=x86_64-linux-gnu]
  ignore line: [Thread model: posix]
  ignore line: [gcc version 9.4.0 (Ubuntu 9.4.0-1ubuntu1~20.04.2) ]
  ignore line: [COMPILER_PATH=/usr/lib/gcc/x86_64-linux-gnu/9/:/usr/lib/gcc/x86_64-linux-gnu/9/:/usr/lib/gcc/x86_64-linux-gnu/:/usr/lib/gcc/x86_64-linux-gnu/9/:/usr/lib/gcc/x86_64-linux-gnu/]
  ignore line: [LIBRARY_PATH=/usr/lib/gcc/x86_64-linux-gnu/9/:/usr/lib/gcc/x86_64-linux-gnu/9/../../../x86_64-linux-gnu/:/usr/lib/gcc/x86_64-linux-gnu/9/../../../../lib/:/lib/x86_64-linux-gnu/:/lib/../lib/:/usr/lib/x86_64-linux-gnu/:/usr/lib/../lib/:/usr/lib/gcc/x86_64-linux-gnu/9/../../../:/lib/:/usr/lib/]
  ignore line: [COLLECT_GCC_OPTIONS='-v' '-rdynamic' '-o' 'cmTC_291ea' '-shared-libgcc' '-mtune=generic' '-march=x86-64']
  link line: [ /usr/lib/gcc/x86_64-linux-gnu/9/collect2 -plugin /usr/lib/gcc/x86_64-linux-gnu/9/liblto_plugin.so -plugin-opt=/usr/lib/gcc/x86_64-linux-gnu/9/lto-wrapper -plugin-opt=-fresolution=/tmp/ccCk1RTN.res -plugin-opt=-pass-through=-lgcc_s -plugin-opt=-pass-through=-lgcc -plugin-opt=-pass-through=-lc -plugin-opt=-pass-through=-lgcc_s -plugin-opt=-pass-through=-lgcc --build-id --eh-frame-hdr -m elf_x86_64 --hash-style=gnu --as-needed -export-dynamic -dynamic-linker /lib64/ld-linux-x86-64.so.2 -pie -z now -z relro -o cmTC_291ea /usr/lib/gcc/x86_64-linux-gnu/9/../../../x86_64-linux-gnu/Scrt1.o /usr/lib/gcc/x86_64-linux-gnu/9/../../../x86_64-linux-gnu/crti.o /usr/lib/gcc/x86_64-linux-gnu/9/crtbeginS.o -L/usr/lib/gcc/x86_64-linux-gnu/9 -L/usr/lib/gcc/x86_64-linux-gnu/9/../../../x86_64-linux-gnu -L/usr/lib/gcc/x86_64-linux-gnu/9/../../../../lib -L/lib/x86_64-linux-gnu -L/lib/../lib -L/usr/lib/x86_64-linux-gnu -L/usr/lib/../lib -L/usr/lib/gcc/x86_64-linux-gnu/9/../../.. CMakeFiles/cmTC_291ea.dir/CMakeCXXCompilerABI.cpp.o -lstdc++ -lm -lgcc_s -lgcc -lc -lgcc_s -lgcc /usr/lib/gcc/x86_64-linux-gnu/9/crtendS.o /usr/lib/gcc/x86_64-linux-gnu/9/../../../x86_64-linux-gnu/crtn.o]
    arg [/usr/lib/gcc/x86_64-linux-gnu/9/collect2] ==> ignore
    arg [-plugin] ==> ignore
    arg [/usr/lib/gcc/x86_64-linux-gnu/9/liblto_plugin.so] ==> ignore
    arg [-plugin-opt=/usr/lib/gcc/x86_64-linux-gnu/9/lto-wrapper] ==> ignore
    arg [-plugin-opt=-fresolution=/tmp/ccCk1RTN.res] ==> ignore
    arg [-plugin-opt=-pass-through=-lgcc_s] ==> ignore
    arg [-plugin-opt=-pass-through=-lgcc] ==> ignore
    arg [-plugin-opt=-pass-through=-lc] ==> ignore
    arg [-plugin-opt=-pass-through=-lgcc_s] ==> ignore
    arg [-plugin-opt=-pass-through=-lgcc] ==> ignore
    arg [--build-id] ==> ignore
    arg [--eh-frame-hdr] ==> ignore
    arg [-m] ==> ignore
    arg [elf_x86_64] ==> ignore
    arg [--hash-style=gnu] ==> ignore
    arg [--as-needed] ==> ignore
    arg [-export-dynamic] ==> ignore
    arg [-dynamic-linker] ==> ignore
    arg [/lib64/ld-linux-x86-64.so.2] ==> ignore
    arg [-pie] ==> ignore
    arg [-znow] ==> ignore
    arg [-zrelro] ==> ignore
    arg [-o] ==> ignore
    arg [cmTC_291ea] ==> ignore
    arg [/usr/lib/gcc/x86_64-linux-gnu/9/../../../x86_64-linux-gnu/Scrt1.o] ==> ignore
    arg [/usr/lib/gcc/x86_64-linux-gnu/9/../../../x86_64-linux-gnu/crti.o] ==> ignore
    arg [/usr/lib/gcc/x86_64-linux-gnu/9/crtbeginS.o] ==> ignore
    arg [-L/usr/lib/gcc/x86_64-linux-gnu/9] ==> dir [/usr/lib/gcc/x86_64-linux-gnu/9]
    arg [-L/usr/lib/gcc/x86_64-linux-gnu/9/../../../x86_64-linux-gnu] ==> dir [/usr/lib/gcc/x86_64-linux-gnu/9/../../../x86_64-linux-gnu]
    arg [-L/usr/lib/gcc/x86_64-linux-gnu/9/../../../../lib] ==> dir [/usr/lib/gcc/x86_64-linux-gnu/9/../../../../lib]
    arg [-L/lib/x86_64-linux-gnu] ==> dir [/lib/x86_64-linux-gnu]
    arg [-L/lib/../lib] ==> dir [/lib/../lib]
    arg [-L/usr/lib/x86_64-linux-gnu] ==> dir [/usr/lib/x86_64-linux-gnu]
    arg [-L/usr/lib/../lib] ==> dir [/usr/lib/../lib]
    arg [-L/usr/lib/gcc/x86_64-linux-gnu/9/../../..] ==> dir [/usr/lib/gcc/x86_64-linux-gnu/9/../../..]
    arg [CMakeFiles/cmTC_291ea.dir/CMakeCXXCompilerABI.cpp.o] ==> ignore
    arg [-lstdc++] ==> lib [stdc++]
    arg [-lm] ==> lib [m]
    arg [-lgcc_s] ==> lib [gcc_s]
    arg [-lgcc] ==> lib [gcc]
    arg [-lc] ==> lib [c]
    arg [-lgcc_s] ==> lib [gcc_s]
    arg [-lgcc] ==> lib [gcc]
    arg [/usr/lib/gcc/x86_64-linux-gnu/9/crtendS.o] ==> ignore
    arg [/usr/lib/gcc/x86_64-linux-gnu/9/../../../x86_64-linux-gnu/crtn.o] ==> ignore
  collapse library dir [/usr/lib/gcc/x86_64-linux-gnu/9] ==> [/usr/lib/gcc/x86_64-linux-gnu/9]
  collapse library dir [/usr/lib/gcc/x86_64-linux-gnu/9/../../../x86_64-linux-gnu] ==> [/usr/lib/x86_64-linux-gnu]
  collapse library dir [/usr/lib/gcc/x86_64-linux-gnu/9/../../../../lib] ==> [/usr/lib]
  collapse library dir [/lib/x86_64-linux-gnu] ==> [/lib/x86_64-linux-gnu]
  collapse library dir [/lib/../lib] ==> [/lib]
  collapse library dir [/usr/lib/x86_64-linux-gnu] ==> [/usr/lib/x86_64-linux-gnu]
  collapse library dir [/usr/lib/../lib] ==> [/usr/lib]
  collapse library dir [/usr/lib/gcc/x86_64-linux-gnu/9/../../..] ==> [/usr/lib]
  implicit libs: [stdc++;m;gcc_s;gcc;c;gcc_s;gcc]
  implicit dirs: [/usr/lib/gcc/x86_64-linux-gnu/9;/usr/lib/x86_64-linux-gnu;/usr/lib;/lib/x86_64-linux-gnu;/lib]
  implicit fwks: []


Determining if the include file pthread.h exists passed with the following output:
Change Dir: /home/soumoroy/Downloads/crowd_surfer-master/build/CMakeFiles/CMakeTmp

Run Build Command(s):/usr/bin/make cmTC_820b8/fast && /usr/bin/make -f CMakeFiles/cmTC_820b8.dir/build.make CMakeFiles/cmTC_820b8.dir/build
make[1]: Entering directory '/home/soumoroy/Downloads/crowd_surfer-master/build/CMakeFiles/CMakeTmp'
Building C object CMakeFiles/cmTC_820b8.dir/CheckIncludeFile.c.o
/usr/bin/cc    -o CMakeFiles/cmTC_820b8.dir/CheckIncludeFile.c.o   -c /home/soumoroy/Downloads/crowd_surfer-master/build/CMakeFiles/CMakeTmp/CheckIncludeFile.c
Linking C executable cmTC_820b8
/usr/bin/cmake -E cmake_link_script CMakeFiles/cmTC_820b8.dir/link.txt --verbose=1
/usr/bin/cc      -rdynamic CMakeFiles/cmTC_820b8.dir/CheckIncludeFile.c.o  -o cmTC_820b8 
make[1]: Leaving directory '/home/soumoroy/Downloads/crowd_surfer-master/build/CMakeFiles/CMakeTmp'



Determining if the function pthread_create exists in the pthread passed with the following output:
Change Dir: /home/soumoroy/Downloads/crowd_surfer-master/build/CMakeFiles/CMakeTmp

Run Build Command(s):/usr/bin/make cmTC_7c002/fast && /usr/bin/make -f CMakeFiles/cmTC_7c002.dir/build.make CMakeFiles/cmTC_7c002.dir/build
make[1]: Entering directory '/home/soumoroy/Downloads/crowd_surfer-master/build/CMakeFiles/CMakeTmp'
Building C object CMakeFiles/cmTC_7c002.dir/CheckFunctionExists.c.o
/usr/bin/cc   -DCHECK_FUNCTION_EXISTS=pthread_create   -o CMakeFiles/cmTC_7c002.dir/CheckFunctionExists.c.o   -c /usr/share/cmake-3.16/Modules/CheckFunctionExists.c
Linking C executable cmTC_7c002
/usr/bin/cmake -E cmake_link_script CMakeFiles/cmTC_7c002.dir/link.txt --verbose=1
/usr/bin/cc  -DCHECK_FUNCTION_EXISTS=pthread_create    -rdynamic CMakeFiles/cmTC_7c002.dir/CheckFunctionExists.c.o  -o cmTC_7c002  -lpthread 
make[1]: Leaving directory '/home/soumoroy/Downloads/crowd_surfer-master/build/CMakeFiles/CMakeTmp'



Determining if the _POSIX_VERSION exist passed with the following output:
Change Dir: /home/soumoroy/Downloads/crowd_surfer-master/build/CMakeFiles/CMakeTmp

Run Build Command(s):/usr/bin/make cmTC_2e8b3/fast && /usr/bin/make -f CMakeFiles/cmTC_2e8b3.dir/build.make CMakeFiles/cmTC_2e8b3.dir/build
make[1]: Entering directory '/home/soumoroy/Downloads/crowd_surfer-master/build/CMakeFiles/CMakeTmp'
Building C object CMakeFiles/cmTC_2e8b3.dir/CheckSymbolExists.c.o
/usr/bin/cc    -o CMakeFiles/cmTC_2e8b3.dir/CheckSymbolExists.c.o   -c /home/soumoroy/Downloads/crowd_surfer-master/build/CMakeFiles/CMakeTmp/CheckSymbolExists.c
Linking C executable cmTC_2e8b3
/usr/bin/cmake -E cmake_link_script CMakeFiles/cmTC_2e8b3.dir/link.txt --verbose=1
/usr/bin/cc      -rdynamic CMakeFiles/cmTC_2e8b3.dir/CheckSymbolExists.c.o  -o cmTC_2e8b3 
make[1]: Leaving directory '/home/soumoroy/Downloads/crowd_surfer-master/build/CMakeFiles/CMakeTmp'


File /home/soumoroy/Downloads/crowd_surfer-master/build/CMakeFiles/CMakeTmp/CheckSymbolExists.c:
/* */
#include <unistd.h>

int main(int argc, char** argv)
{
  (void)argv;
#ifndef _POSIX_VERSION
  return ((int*)(&_POSIX_VERSION))[argc];
#else
  (void)argc;
  return 0;
#endif
}
Determining if the function realpath exists in the rt passed with the following output:
Change Dir: /home/soumoroy/Downloads/crowd_surfer-master/build/CMakeFiles/CMakeTmp

Run Build Command(s):/usr/bin/make cmTC_a8eae/fast && /usr/bin/make -f CMakeFiles/cmTC_a8eae.dir/build.make CMakeFiles/cmTC_a8eae.dir/build
make[1]: Entering directory '/home/soumoroy/Downloads/crowd_surfer-master/build/CMakeFiles/CMakeTmp'
Building C object CMakeFiles/cmTC_a8eae.dir/CheckFunctionExists.c.o
/usr/bin/cc   -DCHECK_FUNCTION_EXISTS=realpath   -o CMakeFiles/cmTC_a8eae.dir/CheckFunctionExists.c.o   -c /usr/share/cmake-3.16/Modules/CheckFunctionExists.c
Linking C executable cmTC_a8eae
/usr/bin/cmake -E cmake_link_script CMakeFiles/cmTC_a8eae.dir/link.txt --verbose=1
/usr/bin/cc  -DCHECK_FUNCTION_EXISTS=realpath    -rdynamic CMakeFiles/cmTC_a8eae.dir/CheckFunctionExists.c.o  -o cmTC_a8eae  -lrt 
make[1]: Leaving directory '/home/soumoroy/Downloads/crowd_surfer-master/build/CMakeFiles/CMakeTmp'



Determining if the function clock_nanosleep exists in the rt passed with the following output:
Change Dir: /home/soumoroy/Downloads/crowd_surfer-master/build/CMakeFiles/CMakeTmp

Run Build Command(s):/usr/bin/make cmTC_cd765/fast && /usr/bin/make -f CMakeFiles/cmTC_cd765.dir/build.make CMakeFiles/cmTC_cd765.dir/build
make[1]: Entering directory '/home/soumoroy/Downloads/crowd_surfer-master/build/CMakeFiles/CMakeTmp'
Building C object CMakeFiles/cmTC_cd765.dir/CheckFunctionExists.c.o
/usr/bin/cc   -DCHECK_FUNCTION_EXISTS=clock_nanosleep   -o CMakeFiles/cmTC_cd765.dir/CheckFunctionExists.c.o   -c /usr/share/cmake-3.16/Modules/CheckFunctionExists.c
Linking C executable cmTC_cd765
/usr/bin/cmake -E cmake_link_script CMakeFiles/cmTC_cd765.dir/link.txt --verbose=1
/usr/bin/cc  -DCHECK_FUNCTION_EXISTS=clock_nanosleep    -rdynamic CMakeFiles/cmTC_cd765.dir/CheckFunctionExists.c.o  -o cmTC_cd765  -lrt 
make[1]: Leaving directory '/home/soumoroy/Downloads/crowd_surfer-master/build/CMakeFiles/CMakeTmp'



Determining if the function clock_gettime exists in the rt passed with the following output:
Change Dir: /home/soumoroy/Downloads/crowd_surfer-master/build/CMakeFiles/CMakeTmp

Run Build Command(s):/usr/bin/make cmTC_53843/fast && /usr/bin/make -f CMakeFiles/cmTC_53843.dir/build.make CMakeFiles/cmTC_53843.dir/build
make[1]: Entering directory '/home/soumoroy/Downloads/crowd_surfer-master/build/CMakeFiles/CMakeTmp'
Building C object CMakeFiles/cmTC_53843.dir/CheckFunctionExists.c.o
/usr/bin/cc   -DCHECK_FUNCTION_EXISTS=clock_gettime   -o CMakeFiles/cmTC_53843.dir/CheckFunctionExists.c.o   -c /usr/share/cmake-3.16/Modules/CheckFunctionExists.c
Linking C executable cmTC_53843
/usr/bin/cmake -E cmake_link_script CMakeFiles/cmTC_53843.dir/link.txt --verbose=1
/usr/bin/cc  -DCHECK_FUNCTION_EXISTS=clock_gettime    -rdynamic CMakeFiles/cmTC_53843.dir/CheckFunctionExists.c.o  -o cmTC_53843  -lrt 
make[1]: Leaving directory '/home/soumoroy/Downloads/crowd_surfer-master/build/CMakeFiles/CMakeTmp'



Determining if the function pthread_mutex_timedlock exists in the pthread passed with the following output:
Change Dir: /home/soumoroy/Downloads/crowd_surfer-master/build/CMakeFiles/CMakeTmp

Run Build Command(s):/usr/bin/make cmTC_399f9/fast && /usr/bin/make -f CMakeFiles/cmTC_399f9.dir/build.make CMakeFiles/cmTC_399f9.dir/build
make[1]: Entering directory '/home/soumoroy/Downloads/crowd_surfer-master/build/CMakeFiles/CMakeTmp'
Building C object CMakeFiles/cmTC_399f9.dir/CheckFunctionExists.c.o
/usr/bin/cc   -DCHECK_FUNCTION_EXISTS=pthread_mutex_timedlock   -o CMakeFiles/cmTC_399f9.dir/CheckFunctionExists.c.o   -c /usr/share/cmake-3.16/Modules/CheckFunctionExists.c
Linking C executable cmTC_399f9
/usr/bin/cmake -E cmake_link_script CMakeFiles/cmTC_399f9.dir/link.txt --verbose=1
/usr/bin/cc  -DCHECK_FUNCTION_EXISTS=pthread_mutex_timedlock    -rdynamic CMakeFiles/cmTC_399f9.dir/CheckFunctionExists.c.o  -o cmTC_399f9  -lpthread 
make[1]: Leaving directory '/home/soumoroy/Downloads/crowd_surfer-master/build/CMakeFiles/CMakeTmp'



Determining if the function nanosleep exists in the pthread passed with the following output:
Change Dir: /home/soumoroy/Downloads/crowd_surfer-master/build/CMakeFiles/CMakeTmp

Run Build Command(s):/usr/bin/make cmTC_ff173/fast && /usr/bin/make -f CMakeFiles/cmTC_ff173.dir/build.make CMakeFiles/cmTC_ff173.dir/build
make[1]: Entering directory '/home/soumoroy/Downloads/crowd_surfer-master/build/CMakeFiles/CMakeTmp'
Building C object CMakeFiles/cmTC_ff173.dir/CheckFunctionExists.c.o
/usr/bin/cc   -DCHECK_FUNCTION_EXISTS=nanosleep   -o CMakeFiles/cmTC_ff173.dir/CheckFunctionExists.c.o   -c /usr/share/cmake-3.16/Modules/CheckFunctionExists.c
Linking C executable cmTC_ff173
/usr/bin/cmake -E cmake_link_script CMakeFiles/cmTC_ff173.dir/link.txt --verbose=1
/usr/bin/cc  -DCHECK_FUNCTION_EXISTS=nanosleep    -rdynamic CMakeFiles/cmTC_ff173.dir/CheckFunctionExists.c.o  -o cmTC_ff173  -lpthread 
make[1]: Leaving directory '/home/soumoroy/Downloads/crowd_surfer-master/build/CMakeFiles/CMakeTmp'



Determining if the function shm_open exists in the rt passed with the following output:
Change Dir: /home/soumoroy/Downloads/crowd_surfer-master/build/CMakeFiles/CMakeTmp

Run Build Command(s):/usr/bin/make cmTC_9553d/fast && /usr/bin/make -f CMakeFiles/cmTC_9553d.dir/build.make CMakeFiles/cmTC_9553d.dir/build
make[1]: Entering directory '/home/soumoroy/Downloads/crowd_surfer-master/build/CMakeFiles/CMakeTmp'
Building C object CMakeFiles/cmTC_9553d.dir/CheckFunctionExists.c.o
/usr/bin/cc   -DCHECK_FUNCTION_EXISTS=shm_open   -o CMakeFiles/cmTC_9553d.dir/CheckFunctionExists.c.o   -c /usr/share/cmake-3.16/Modules/CheckFunctionExists.c
Linking C executable cmTC_9553d
/usr/bin/cmake -E cmake_link_script CMakeFiles/cmTC_9553d.dir/link.txt --verbose=1
/usr/bin/cc  -DCHECK_FUNCTION_EXISTS=shm_open    -rdynamic CMakeFiles/cmTC_9553d.dir/CheckFunctionExists.c.o  -o cmTC_9553d  -lrt 
make[1]: Leaving directory '/home/soumoroy/Downloads/crowd_surfer-master/build/CMakeFiles/CMakeTmp'



Determining if the function sched_setscheduler exists in the pthread passed with the following output:
Change Dir: /home/soumoroy/Downloads/crowd_surfer-master/build/CMakeFiles/CMakeTmp

Run Build Command(s):/usr/bin/make cmTC_8e7fa/fast && /usr/bin/make -f CMakeFiles/cmTC_8e7fa.dir/build.make CMakeFiles/cmTC_8e7fa.dir/build
make[1]: Entering directory '/home/soumoroy/Downloads/crowd_surfer-master/build/CMakeFiles/CMakeTmp'
Building C object CMakeFiles/cmTC_8e7fa.dir/CheckFunctionExists.c.o
/usr/bin/cc   -DCHECK_FUNCTION_EXISTS=sched_setscheduler   -o CMakeFiles/cmTC_8e7fa.dir/CheckFunctionExists.c.o   -c /usr/share/cmake-3.16/Modules/CheckFunctionExists.c
Linking C executable cmTC_8e7fa
/usr/bin/cmake -E cmake_link_script CMakeFiles/cmTC_8e7fa.dir/link.txt --verbose=1
/usr/bin/cc  -DCHECK_FUNCTION_EXISTS=sched_setscheduler    -rdynamic CMakeFiles/cmTC_8e7fa.dir/CheckFunctionExists.c.o  -o cmTC_8e7fa  -lpthread 
make[1]: Leaving directory '/home/soumoroy/Downloads/crowd_surfer-master/build/CMakeFiles/CMakeTmp'



Determining if the function sem_timedwait exists in the pthread passed with the following output:
Change Dir: /home/soumoroy/Downloads/crowd_surfer-master/build/CMakeFiles/CMakeTmp

Run Build Command(s):/usr/bin/make cmTC_0bed5/fast && /usr/bin/make -f CMakeFiles/cmTC_0bed5.dir/build.make CMakeFiles/cmTC_0bed5.dir/build
make[1]: Entering directory '/home/soumoroy/Downloads/crowd_surfer-master/build/CMakeFiles/CMakeTmp'
Building C object CMakeFiles/cmTC_0bed5.dir/CheckFunctionExists.c.o
/usr/bin/cc   -DCHECK_FUNCTION_EXISTS=sem_timedwait   -o CMakeFiles/cmTC_0bed5.dir/CheckFunctionExists.c.o   -c /usr/share/cmake-3.16/Modules/CheckFunctionExists.c
Linking C executable cmTC_0bed5
/usr/bin/cmake -E cmake_link_script CMakeFiles/cmTC_0bed5.dir/link.txt --verbose=1
/usr/bin/cc  -DCHECK_FUNCTION_EXISTS=sem_timedwait    -rdynamic CMakeFiles/cmTC_0bed5.dir/CheckFunctionExists.c.o  -o cmTC_0bed5  -lpthread 
make[1]: Leaving directory '/home/soumoroy/Downloads/crowd_surfer-master/build/CMakeFiles/CMakeTmp'



Determining if the function sem_init exists in the pthread passed with the following output:
Change Dir: /home/soumoroy/Downloads/crowd_surfer-master/build/CMakeFiles/CMakeTmp

Run Build Command(s):/usr/bin/make cmTC_a724d/fast && /usr/bin/make -f CMakeFiles/cmTC_a724d.dir/build.make CMakeFiles/cmTC_a724d.dir/build
make[1]: Entering directory '/home/soumoroy/Downloads/crowd_surfer-master/build/CMakeFiles/CMakeTmp'
Building C object CMakeFiles/cmTC_a724d.dir/CheckFunctionExists.c.o
/usr/bin/cc   -DCHECK_FUNCTION_EXISTS=sem_init   -o CMakeFiles/cmTC_a724d.dir/CheckFunctionExists.c.o   -c /usr/share/cmake-3.16/Modules/CheckFunctionExists.c
Linking C executable cmTC_a724d
/usr/bin/cmake -E cmake_link_script CMakeFiles/cmTC_a724d.dir/link.txt --verbose=1
/usr/bin/cc  -DCHECK_FUNCTION_EXISTS=sem_init    -rdynamic CMakeFiles/cmTC_a724d.dir/CheckFunctionExists.c.o  -o cmTC_a724d  -lpthread 
make[1]: Leaving directory '/home/soumoroy/Downloads/crowd_surfer-master/build/CMakeFiles/CMakeTmp'



Determining if the CLOCK_MONOTONIC exist passed with the following output:
Change Dir: /home/soumoroy/Downloads/crowd_surfer-master/build/CMakeFiles/CMakeTmp

Run Build Command(s):/usr/bin/make cmTC_6b8c1/fast && /usr/bin/make -f CMakeFiles/cmTC_6b8c1.dir/build.make CMakeFiles/cmTC_6b8c1.dir/build
make[1]: Entering directory '/home/soumoroy/Downloads/crowd_surfer-master/build/CMakeFiles/CMakeTmp'
Building C object CMakeFiles/cmTC_6b8c1.dir/CheckSymbolExists.c.o
/usr/bin/cc    -o CMakeFiles/cmTC_6b8c1.dir/CheckSymbolExists.c.o   -c /home/soumoroy/Downloads/crowd_surfer-master/build/CMakeFiles/CMakeTmp/CheckSymbolExists.c
Linking C executable cmTC_6b8c1
/usr/bin/cmake -E cmake_link_script CMakeFiles/cmTC_6b8c1.dir/link.txt --verbose=1
/usr/bin/cc      -rdynamic CMakeFiles/cmTC_6b8c1.dir/CheckSymbolExists.c.o  -o cmTC_6b8c1 
make[1]: Leaving directory '/home/soumoroy/Downloads/crowd_surfer-master/build/CMakeFiles/CMakeTmp'


File /home/soumoroy/Downloads/crowd_surfer-master/build/CMakeFiles/CMakeTmp/CheckSymbolExists.c:
/* */
#include <time.h>

int main(int argc, char** argv)
{
  (void)argv;
#ifndef CLOCK_MONOTONIC
  return ((int*)(&CLOCK_MONOTONIC))[argc];
#else
  (void)argc;
  return 0;
#endif
}
Determining if the CLOCK_PROCESS_CPUTIME_ID exist passed with the following output:
Change Dir: /home/soumoroy/Downloads/crowd_surfer-master/build/CMakeFiles/CMakeTmp

Run Build Command(s):/usr/bin/make cmTC_185bc/fast && /usr/bin/make -f CMakeFiles/cmTC_185bc.dir/build.make CMakeFiles/cmTC_185bc.dir/build
make[1]: Entering directory '/home/soumoroy/Downloads/crowd_surfer-master/build/CMakeFiles/CMakeTmp'
Building C object CMakeFiles/cmTC_185bc.dir/CheckSymbolExists.c.o
/usr/bin/cc    -o CMakeFiles/cmTC_185bc.dir/CheckSymbolExists.c.o   -c /home/soumoroy/Downloads/crowd_surfer-master/build/CMakeFiles/CMakeTmp/CheckSymbolExists.c
Linking C executable cmTC_185bc
/usr/bin/cmake -E cmake_link_script CMakeFiles/cmTC_185bc.dir/link.txt --verbose=1
/usr/bin/cc      -rdynamic CMakeFiles/cmTC_185bc.dir/CheckSymbolExists.c.o  -o cmTC_185bc 
make[1]: Leaving directory '/home/soumoroy/Downloads/crowd_surfer-master/build/CMakeFiles/CMakeTmp'


File /home/soumoroy/Downloads/crowd_surfer-master/build/CMakeFiles/CMakeTmp/CheckSymbolExists.c:
/* */
#include <time.h>

int main(int argc, char** argv)
{
  (void)argv;
#ifndef CLOCK_PROCESS_CPUTIME_ID
  return ((int*)(&CLOCK_PROCESS_CPUTIME_ID))[argc];
#else
  (void)argc;
  return 0;
#endif
}
Determining if the include file sys/types.h exists passed with the following output:
Change Dir: /home/soumoroy/Downloads/crowd_surfer-master/build/CMakeFiles/CMakeTmp

Run Build Command(s):/usr/bin/make cmTC_37e40/fast && /usr/bin/make -f CMakeFiles/cmTC_37e40.dir/build.make CMakeFiles/cmTC_37e40.dir/build
make[1]: Entering directory '/home/soumoroy/Downloads/crowd_surfer-master/build/CMakeFiles/CMakeTmp'
Building C object CMakeFiles/cmTC_37e40.dir/CheckIncludeFile.c.o
/usr/bin/cc    -o CMakeFiles/cmTC_37e40.dir/CheckIncludeFile.c.o   -c /home/soumoroy/Downloads/crowd_surfer-master/build/CMakeFiles/CMakeTmp/CheckIncludeFile.c
Linking C executable cmTC_37e40
/usr/bin/cmake -E cmake_link_script CMakeFiles/cmTC_37e40.dir/link.txt --verbose=1
/usr/bin/cc      -rdynamic CMakeFiles/cmTC_37e40.dir/CheckIncludeFile.c.o  -o cmTC_37e40 
make[1]: Leaving directory '/home/soumoroy/Downloads/crowd_surfer-master/build/CMakeFiles/CMakeTmp'



Determining if the include file stdint.h exists passed with the following output:
Change Dir: /home/soumoroy/Downloads/crowd_surfer-master/build/CMakeFiles/CMakeTmp

Run Build Command(s):/usr/bin/make cmTC_71b85/fast && /usr/bin/make -f CMakeFiles/cmTC_71b85.dir/build.make CMakeFiles/cmTC_71b85.dir/build
make[1]: Entering directory '/home/soumoroy/Downloads/crowd_surfer-master/build/CMakeFiles/CMakeTmp'
Building C object CMakeFiles/cmTC_71b85.dir/CheckIncludeFile.c.o
/usr/bin/cc    -o CMakeFiles/cmTC_71b85.dir/CheckIncludeFile.c.o   -c /home/soumoroy/Downloads/crowd_surfer-master/build/CMakeFiles/CMakeTmp/CheckIncludeFile.c
Linking C executable cmTC_71b85
/usr/bin/cmake -E cmake_link_script CMakeFiles/cmTC_71b85.dir/link.txt --verbose=1
/usr/bin/cc      -rdynamic CMakeFiles/cmTC_71b85.dir/CheckIncludeFile.c.o  -o cmTC_71b85 
make[1]: Leaving directory '/home/soumoroy/Downloads/crowd_surfer-master/build/CMakeFiles/CMakeTmp'



Determining if the include file stddef.h exists passed with the following output:
Change Dir: /home/soumoroy/Downloads/crowd_surfer-master/build/CMakeFiles/CMakeTmp

Run Build Command(s):/usr/bin/make cmTC_19293/fast && /usr/bin/make -f CMakeFiles/cmTC_19293.dir/build.make CMakeFiles/cmTC_19293.dir/build
make[1]: Entering directory '/home/soumoroy/Downloads/crowd_surfer-master/build/CMakeFiles/CMakeTmp'
Building C object CMakeFiles/cmTC_19293.dir/CheckIncludeFile.c.o
/usr/bin/cc    -o CMakeFiles/cmTC_19293.dir/CheckIncludeFile.c.o   -c /home/soumoroy/Downloads/crowd_surfer-master/build/CMakeFiles/CMakeTmp/CheckIncludeFile.c
Linking C executable cmTC_19293
/usr/bin/cmake -E cmake_link_script CMakeFiles/cmTC_19293.dir/link.txt --verbose=1
/usr/bin/cc      -rdynamic CMakeFiles/cmTC_19293.dir/CheckIncludeFile.c.o  -o cmTC_19293 
make[1]: Leaving directory '/home/soumoroy/Downloads/crowd_surfer-master/build/CMakeFiles/CMakeTmp'



Determining size of char passed with the following output:
Change Dir: /home/soumoroy/Downloads/crowd_surfer-master/build/CMakeFiles/CMakeTmp

Run Build Command(s):/usr/bin/make cmTC_7d2cf/fast && /usr/bin/make -f CMakeFiles/cmTC_7d2cf.dir/build.make CMakeFiles/cmTC_7d2cf.dir/build
make[1]: Entering directory '/home/soumoroy/Downloads/crowd_surfer-master/build/CMakeFiles/CMakeTmp'
Building C object CMakeFiles/cmTC_7d2cf.dir/PLATFORM_SIZE_OF_CHAR.c.o
/usr/bin/cc    -o CMakeFiles/cmTC_7d2cf.dir/PLATFORM_SIZE_OF_CHAR.c.o   -c /home/soumoroy/Downloads/crowd_surfer-master/build/CMakeFiles/CheckTypeSize/PLATFORM_SIZE_OF_CHAR.c
Linking C executable cmTC_7d2cf
/usr/bin/cmake -E cmake_link_script CMakeFiles/cmTC_7d2cf.dir/link.txt --verbose=1
/usr/bin/cc      -rdynamic CMakeFiles/cmTC_7d2cf.dir/PLATFORM_SIZE_OF_CHAR.c.o  -o cmTC_7d2cf 
make[1]: Leaving directory '/home/soumoroy/Downloads/crowd_surfer-master/build/CMakeFiles/CMakeTmp'



Determining size of short passed with the following output:
Change Dir: /home/soumoroy/Downloads/crowd_surfer-master/build/CMakeFiles/CMakeTmp

Run Build Command(s):/usr/bin/make cmTC_6e395/fast && /usr/bin/make -f CMakeFiles/cmTC_6e395.dir/build.make CMakeFiles/cmTC_6e395.dir/build
make[1]: Entering directory '/home/soumoroy/Downloads/crowd_surfer-master/build/CMakeFiles/CMakeTmp'
Building C object CMakeFiles/cmTC_6e395.dir/PLATFORM_SIZE_OF_SHORT.c.o
/usr/bin/cc    -o CMakeFiles/cmTC_6e395.dir/PLATFORM_SIZE_OF_SHORT.c.o   -c /home/soumoroy/Downloads/crowd_surfer-master/build/CMakeFiles/CheckTypeSize/PLATFORM_SIZE_OF_SHORT.c
Linking C executable cmTC_6e395
/usr/bin/cmake -E cmake_link_script CMakeFiles/cmTC_6e395.dir/link.txt --verbose=1
/usr/bin/cc      -rdynamic CMakeFiles/cmTC_6e395.dir/PLATFORM_SIZE_OF_SHORT.c.o  -o cmTC_6e395 
make[1]: Leaving directory '/home/soumoroy/Downloads/crowd_surfer-master/build/CMakeFiles/CMakeTmp'



Determining size of int passed with the following output:
Change Dir: /home/soumoroy/Downloads/crowd_surfer-master/build/CMakeFiles/CMakeTmp

Run Build Command(s):/usr/bin/make cmTC_40119/fast && /usr/bin/make -f CMakeFiles/cmTC_40119.dir/build.make CMakeFiles/cmTC_40119.dir/build
make[1]: Entering directory '/home/soumoroy/Downloads/crowd_surfer-master/build/CMakeFiles/CMakeTmp'
Building C object CMakeFiles/cmTC_40119.dir/PLATFORM_SIZE_OF_INT.c.o
/usr/bin/cc    -o CMakeFiles/cmTC_40119.dir/PLATFORM_SIZE_OF_INT.c.o   -c /home/soumoroy/Downloads/crowd_surfer-master/build/CMakeFiles/CheckTypeSize/PLATFORM_SIZE_OF_INT.c
Linking C executable cmTC_40119
/usr/bin/cmake -E cmake_link_script CMakeFiles/cmTC_40119.dir/link.txt --verbose=1
/usr/bin/cc      -rdynamic CMakeFiles/cmTC_40119.dir/PLATFORM_SIZE_OF_INT.c.o  -o cmTC_40119 
make[1]: Leaving directory '/home/soumoroy/Downloads/crowd_surfer-master/build/CMakeFiles/CMakeTmp'



Determining size of long passed with the following output:
Change Dir: /home/soumoroy/Downloads/crowd_surfer-master/build/CMakeFiles/CMakeTmp

Run Build Command(s):/usr/bin/make cmTC_28972/fast && /usr/bin/make -f CMakeFiles/cmTC_28972.dir/build.make CMakeFiles/cmTC_28972.dir/build
make[1]: Entering directory '/home/soumoroy/Downloads/crowd_surfer-master/build/CMakeFiles/CMakeTmp'
Building C object CMakeFiles/cmTC_28972.dir/PLATFORM_SIZE_OF_LONG.c.o
/usr/bin/cc    -o CMakeFiles/cmTC_28972.dir/PLATFORM_SIZE_OF_LONG.c.o   -c /home/soumoroy/Downloads/crowd_surfer-master/build/CMakeFiles/CheckTypeSize/PLATFORM_SIZE_OF_LONG.c
Linking C executable cmTC_28972
/usr/bin/cmake -E cmake_link_script CMakeFiles/cmTC_28972.dir/link.txt --verbose=1
/usr/bin/cc      -rdynamic CMakeFiles/cmTC_28972.dir/PLATFORM_SIZE_OF_LONG.c.o  -o cmTC_28972 
make[1]: Leaving directory '/home/soumoroy/Downloads/crowd_surfer-master/build/CMakeFiles/CMakeTmp'



Determining size of long long passed with the following output:
Change Dir: /home/soumoroy/Downloads/crowd_surfer-master/build/CMakeFiles/CMakeTmp

Run Build Command(s):/usr/bin/make cmTC_f59e6/fast && /usr/bin/make -f CMakeFiles/cmTC_f59e6.dir/build.make CMakeFiles/cmTC_f59e6.dir/build
make[1]: Entering directory '/home/soumoroy/Downloads/crowd_surfer-master/build/CMakeFiles/CMakeTmp'
Building C object CMakeFiles/cmTC_f59e6.dir/PLATFORM_SIZE_OF_LONG_LONG.c.o
/usr/bin/cc    -o CMakeFiles/cmTC_f59e6.dir/PLATFORM_SIZE_OF_LONG_LONG.c.o   -c /home/soumoroy/Downloads/crowd_surfer-master/build/CMakeFiles/CheckTypeSize/PLATFORM_SIZE_OF_LONG_LONG.c
Linking C executable cmTC_f59e6
/usr/bin/cmake -E cmake_link_script CMakeFiles/cmTC_f59e6.dir/link.txt --verbose=1
/usr/bin/cc      -rdynamic CMakeFiles/cmTC_f59e6.dir/PLATFORM_SIZE_OF_LONG_LONG.c.o  -o cmTC_f59e6 
make[1]: Leaving directory '/home/soumoroy/Downloads/crowd_surfer-master/build/CMakeFiles/CMakeTmp'



Determining size of float passed with the following output:
Change Dir: /home/soumoroy/Downloads/crowd_surfer-master/build/CMakeFiles/CMakeTmp

Run Build Command(s):/usr/bin/make cmTC_f6e69/fast && /usr/bin/make -f CMakeFiles/cmTC_f6e69.dir/build.make CMakeFiles/cmTC_f6e69.dir/build
make[1]: Entering directory '/home/soumoroy/Downloads/crowd_surfer-master/build/CMakeFiles/CMakeTmp'
Building C object CMakeFiles/cmTC_f6e69.dir/PLATFORM_SIZE_OF_FLOAT.c.o
/usr/bin/cc    -o CMakeFiles/cmTC_f6e69.dir/PLATFORM_SIZE_OF_FLOAT.c.o   -c /home/soumoroy/Downloads/crowd_surfer-master/build/CMakeFiles/CheckTypeSize/PLATFORM_SIZE_OF_FLOAT.c
Linking C executable cmTC_f6e69
/usr/bin/cmake -E cmake_link_script CMakeFiles/cmTC_f6e69.dir/link.txt --verbose=1
/usr/bin/cc      -rdynamic CMakeFiles/cmTC_f6e69.dir/PLATFORM_SIZE_OF_FLOAT.c.o  -o cmTC_f6e69 
make[1]: Leaving directory '/home/soumoroy/Downloads/crowd_surfer-master/build/CMakeFiles/CMakeTmp'



Determining size of double passed with the following output:
Change Dir: /home/soumoroy/Downloads/crowd_surfer-master/build/CMakeFiles/CMakeTmp

Run Build Command(s):/usr/bin/make cmTC_bd53b/fast && /usr/bin/make -f CMakeFiles/cmTC_bd53b.dir/build.make CMakeFiles/cmTC_bd53b.dir/build
make[1]: Entering directory '/home/soumoroy/Downloads/crowd_surfer-master/build/CMakeFiles/CMakeTmp'
Building C object CMakeFiles/cmTC_bd53b.dir/PLATFORM_SIZE_OF_DOUBLE.c.o
/usr/bin/cc    -o CMakeFiles/cmTC_bd53b.dir/PLATFORM_SIZE_OF_DOUBLE.c.o   -c /home/soumoroy/Downloads/crowd_surfer-master/build/CMakeFiles/CheckTypeSize/PLATFORM_SIZE_OF_DOUBLE.c
Linking C executable cmTC_bd53b
/usr/bin/cmake -E cmake_link_script CMakeFiles/cmTC_bd53b.dir/link.txt --verbose=1
/usr/bin/cc      -rdynamic CMakeFiles/cmTC_bd53b.dir/PLATFORM_SIZE_OF_DOUBLE.c.o  -o cmTC_bd53b 
make[1]: Leaving directory '/home/soumoroy/Downloads/crowd_surfer-master/build/CMakeFiles/CMakeTmp'



Determining size of long double passed with the following output:
Change Dir: /home/soumoroy/Downloads/crowd_surfer-master/build/CMakeFiles/CMakeTmp

Run Build Command(s):/usr/bin/make cmTC_a45ca/fast && /usr/bin/make -f CMakeFiles/cmTC_a45ca.dir/build.make CMakeFiles/cmTC_a45ca.dir/build
make[1]: Entering directory '/home/soumoroy/Downloads/crowd_surfer-master/build/CMakeFiles/CMakeTmp'
Building C object CMakeFiles/cmTC_a45ca.dir/PLATFORM_SIZE_OF_LONG_DOUBLE.c.o
/usr/bin/cc    -o CMakeFiles/cmTC_a45ca.dir/PLATFORM_SIZE_OF_LONG_DOUBLE.c.o   -c /home/soumoroy/Downloads/crowd_surfer-master/build/CMakeFiles/CheckTypeSize/PLATFORM_SIZE_OF_LONG_DOUBLE.c
Linking C executable cmTC_a45ca
/usr/bin/cmake -E cmake_link_script CMakeFiles/cmTC_a45ca.dir/link.txt --verbose=1
/usr/bin/cc      -rdynamic CMakeFiles/cmTC_a45ca.dir/PLATFORM_SIZE_OF_LONG_DOUBLE.c.o  -o cmTC_a45ca 
make[1]: Leaving directory '/home/soumoroy/Downloads/crowd_surfer-master/build/CMakeFiles/CMakeTmp'



Determining size of unsigned short passed with the following output:
Change Dir: /home/soumoroy/Downloads/crowd_surfer-master/build/CMakeFiles/CMakeTmp

Run Build Command(s):/usr/bin/make cmTC_130c7/fast && /usr/bin/make -f CMakeFiles/cmTC_130c7.dir/build.make CMakeFiles/cmTC_130c7.dir/build
make[1]: Entering directory '/home/soumoroy/Downloads/crowd_surfer-master/build/CMakeFiles/CMakeTmp'
Building C object CMakeFiles/cmTC_130c7.dir/CMAKE_SIZEOF_UNSIGNED_SHORT.c.o
/usr/bin/cc    -o CMakeFiles/cmTC_130c7.dir/CMAKE_SIZEOF_UNSIGNED_SHORT.c.o   -c /home/soumoroy/Downloads/crowd_surfer-master/build/CMakeFiles/CheckTypeSize/CMAKE_SIZEOF_UNSIGNED_SHORT.c
Linking C executable cmTC_130c7
/usr/bin/cmake -E cmake_link_script CMakeFiles/cmTC_130c7.dir/link.txt --verbose=1
/usr/bin/cc      -rdynamic CMakeFiles/cmTC_130c7.dir/CMAKE_SIZEOF_UNSIGNED_SHORT.c.o  -o cmTC_130c7 
make[1]: Leaving directory '/home/soumoroy/Downloads/crowd_surfer-master/build/CMakeFiles/CMakeTmp'



Determining if the system is big endian passed with the following output:
Change Dir: /home/soumoroy/Downloads/crowd_surfer-master/build/CMakeFiles/CMakeTmp

Run Build Command(s):/usr/bin/make cmTC_cd36b/fast && /usr/bin/make -f CMakeFiles/cmTC_cd36b.dir/build.make CMakeFiles/cmTC_cd36b.dir/build
make[1]: Entering directory '/home/soumoroy/Downloads/crowd_surfer-master/build/CMakeFiles/CMakeTmp'
Building C object CMakeFiles/cmTC_cd36b.dir/TestEndianess.c.o
/usr/bin/cc    -o CMakeFiles/cmTC_cd36b.dir/TestEndianess.c.o   -c /home/soumoroy/Downloads/crowd_surfer-master/build/CMakeFiles/CMakeTmp/TestEndianess.c
Linking C executable cmTC_cd36b
/usr/bin/cmake -E cmake_link_script CMakeFiles/cmTC_cd36b.dir/link.txt --verbose=1
/usr/bin/cc      -rdynamic CMakeFiles/cmTC_cd36b.dir/TestEndianess.c.o  -o cmTC_cd36b 
make[1]: Leaving directory '/home/soumoroy/Downloads/crowd_surfer-master/build/CMakeFiles/CMakeTmp'


TestEndianess.c:
/* A 16 bit integer is required. */
typedef unsigned short cmakeint16;

/* On a little endian machine, these 16bit ints will give "THIS IS LITTLE ENDIAN."
   On a big endian machine the characters will be exchanged pairwise. */
const cmakeint16 info_little[] =  {0x4854, 0x5349, 0x4920, 0x2053, 0x494c, 0x5454, 0x454c, 0x4520, 0x444e, 0x4149, 0x2e4e, 0x0000};

/* on a big endian machine, these 16bit ints will give "THIS IS BIG ENDIAN."
   On a little endian machine the characters will be exchanged pairwise. */
const cmakeint16 info_big[] =     {0x5448, 0x4953, 0x2049, 0x5320, 0x4249, 0x4720, 0x454e, 0x4449, 0x414e, 0x2e2e, 0x0000};

#ifdef __CLASSIC_C__
int main(argc, argv) int argc; char *argv[];
#else
int main(int argc, char *argv[])
#endif
{
  int require = 0;
  require += info_little[argc];
  require += info_big[argc];
  (void)argv;
  return require;
}


